2025-06-18T02:38:22-04:00 [INFO] (codacy-cli-v2/cli-v2.go:27) Starting Codacy CLI version=1.0.0-main.337.sha.f97be27 (f97be27) built at 2025-06-12T08:51:04Z
2025-06-18T03:05:35-04:00 [INFO] (codacy-cli-v2/cli-v2.go:27) Starting Codacy CLI version=1.0.0-main.337.sha.f97be27 (f97be27) built at 2025-06-12T08:51:04Z
2025-06-18T03:05:36-04:00 [INFO] (codacy-cli-v2/cli-v2.go:27) Starting Codacy CLI version=1.0.0-main.337.sha.f97be27 (f97be27) built at 2025-06-12T08:51:04Z
2025-06-18T09:57:46-04:00 [INFO] (codacy-cli-v2/cli-v2.go:27) Starting Codacy CLI version=1.0.0-main.337.sha.f97be27 (f97be27) built at 2025-06-12T08:51:04Z
2025-06-18T09:57:46-04:00 [INFO] (codacy-cli-v2/cmd/root.go:34) Executing CLI command command=init full_command=[/home/drj/.cache/codacy/codacy-cli-v2/1.0.0-main.337.sha.f97be27/codacy-cli-v2 init --provider gh --organization DrJLabs --repository icee-y --api-token ***] args=[]
2025-06-18T09:57:47-04:00 [INFO] (codacy-cli-v2/tools/getTools.go:49) Supported tools: supported_tools=[map[name:eslint uuid:2a30ab97-477f-4769-8b88-af596ce7a94c] map[name:eslint uuid:f8b29663-2cb2-498d-b923-a10c6a8c05cd] map[name:pmd uuid:ed7e8287-707d-485a-a0cb-e211004432c2] map[name:lizard uuid:76348462-84b3-409a-90d3-955e90abfb87] map[name:semgrep uuid:6792c561-236d-41b7-ba5e-9d6bee0d548b] map[name:revive uuid:bd81d1f4-1406-402d-9181-1274ee09f1aa] map[name:pmd uuid:9ed24812-b6ee-4a58-9004-0ed183c45b8f] map[name:pylint uuid:31677b6d-4ae0-4f56-8041-606a8d7a8e61] map[name:trivy uuid:2fd7fbe0-33f9-4ab3-ab73-e9b62404e2cb] map[name:dartanalyzer uuid:d203d615-6cf1-41f9-be5f-e2f660f7850f]]
2025-06-18T09:58:05-04:00 [INFO] (codacy-cli-v2/cli-v2.go:27) Starting Codacy CLI version=1.0.0-main.337.sha.f97be27 (f97be27) built at 2025-06-12T08:51:04Z
2025-06-18T09:58:05-04:00 [INFO] (codacy-cli-v2/cmd/root.go:34) Executing CLI command command=install full_command=[/home/drj/.cache/codacy/codacy-cli-v2/1.0.0-main.337.sha.f97be27/codacy-cli-v2 install] args=[]
2025-06-18T09:58:05-04:00 [INFO] (codacy-cli-v2/cmd/install.go:72) All components are already installed
2025-06-18T09:58:05-04:00 [INFO] (codacy-cli-v2/cli-v2.go:27) Starting Codacy CLI version=1.0.0-main.337.sha.f97be27 (f97be27) built at 2025-06-12T08:51:04Z
2025-06-18T09:58:05-04:00 [INFO] (codacy-cli-v2/cmd/root.go:34) Executing CLI command full_command=[/home/drj/.cache/codacy/codacy-cli-v2/1.0.0-main.337.sha.f97be27/codacy-cli-v2 analyze vitest.config.mts --format sarif] args=[vitest.config.mts] command=analyze
2025-06-18T10:09:03-04:00 [INFO] (codacy-cli-v2/cli-v2.go:27) Starting Codacy CLI version=1.0.0-main.337.sha.f97be27 (f97be27) built at 2025-06-12T08:51:04Z
2025-06-18T10:09:03-04:00 [INFO] (codacy-cli-v2/cmd/root.go:34) Executing CLI command command=analyze full_command=[/home/drj/.cache/codacy/codacy-cli-v2/1.0.0-main.337.sha.f97be27/codacy-cli-v2 analyze /home/drj/_Projects/icee-y/vitest.config.mts --format sarif] args=[/home/drj/_Projects/icee-y/vitest.config.mts]
2025-06-18T10:09:42-04:00 [INFO] (codacy-cli-v2/cli-v2.go:27) Starting Codacy CLI version=1.0.0-main.337.sha.f97be27 (f97be27) built at 2025-06-12T08:51:04Z
2025-06-18T10:09:42-04:00 [INFO] (codacy-cli-v2/cmd/root.go:34) Executing CLI command full_command=[/home/drj/.cache/codacy/codacy-cli-v2/1.0.0-main.337.sha.f97be27/codacy-cli-v2 analyze /home/drj/_Projects/icee-y/vitest.config.mts --format sarif] args=[/home/drj/_Projects/icee-y/vitest.config.mts] command=analyze
2025-06-18T10:10:13-04:00 [INFO] (codacy-cli-v2/cli-v2.go:27) Starting Codacy CLI version=1.0.0-main.337.sha.f97be27 (f97be27) built at 2025-06-12T08:51:04Z
2025-06-18T10:10:13-04:00 [INFO] (codacy-cli-v2/cmd/root.go:34) Executing CLI command command=analyze full_command=[/home/drj/.cache/codacy/codacy-cli-v2/1.0.0-main.337.sha.f97be27/codacy-cli-v2 analyze /home/drj/_Projects/icee-y/vitest.config.mts --format sarif] args=[/home/drj/_Projects/icee-y/vitest.config.mts]
2025-06-18T10:10:19-04:00 [INFO] (codacy-cli-v2/cli-v2.go:27) Starting Codacy CLI version=1.0.0-main.337.sha.f97be27 (f97be27) built at 2025-06-12T08:51:04Z
2025-06-18T10:10:19-04:00 [INFO] (codacy-cli-v2/cmd/root.go:34) Executing CLI command command=analyze full_command=[/home/drj/.cache/codacy/codacy-cli-v2/1.0.0-main.337.sha.f97be27/codacy-cli-v2 analyze .github/workflows/CI.yml --format sarif] args=[.github/workflows/CI.yml]
2025-06-18T10:10:58-04:00 [INFO] (codacy-cli-v2/cli-v2.go:27) Starting Codacy CLI version=1.0.0-main.337.sha.f97be27 (f97be27) built at 2025-06-12T08:51:04Z
2025-06-18T10:10:58-04:00 [INFO] (codacy-cli-v2/cmd/root.go:34) Executing CLI command command=analyze full_command=[/home/drj/.cache/codacy/codacy-cli-v2/1.0.0-main.337.sha.f97be27/codacy-cli-v2 analyze /home/drj/_Projects/icee-y/vitest.config.mts --format sarif] args=[/home/drj/_Projects/icee-y/vitest.config.mts]
2025-06-18T10:11:33-04:00 [INFO] (codacy-cli-v2/cli-v2.go:27) Starting Codacy CLI version=1.0.0-main.337.sha.f97be27 (f97be27) built at 2025-06-12T08:51:04Z
2025-06-18T10:11:33-04:00 [INFO] (codacy-cli-v2/cmd/root.go:34) Executing CLI command command=analyze full_command=[/home/drj/.cache/codacy/codacy-cli-v2/1.0.0-main.337.sha.f97be27/codacy-cli-v2 analyze /home/drj/_Projects/icee-y/vitest.config.mts --format sarif] args=[/home/drj/_Projects/icee-y/vitest.config.mts]
2025-06-18T10:11:43-04:00 [INFO] (codacy-cli-v2/cli-v2.go:27) Starting Codacy CLI version=1.0.0-main.337.sha.f97be27 (f97be27) built at 2025-06-12T08:51:04Z
2025-06-18T10:11:43-04:00 [INFO] (codacy-cli-v2/cmd/root.go:34) Executing CLI command command=analyze full_command=[/home/drj/.cache/codacy/codacy-cli-v2/1.0.0-main.337.sha.f97be27/codacy-cli-v2 analyze .github/workflows/CI.yml --format sarif] args=[.github/workflows/CI.yml]
2025-06-18T10:12:20-04:00 [INFO] (codacy-cli-v2/cli-v2.go:27) Starting Codacy CLI version=1.0.0-main.337.sha.f97be27 (f97be27) built at 2025-06-12T08:51:04Z
2025-06-18T10:12:20-04:00 [INFO] (codacy-cli-v2/cmd/root.go:34) Executing CLI command command=analyze full_command=[/home/drj/.cache/codacy/codacy-cli-v2/1.0.0-main.337.sha.f97be27/codacy-cli-v2 analyze /home/drj/_Projects/icee-y/tests/integration/Counter.spec.ts --format sarif] args=[/home/drj/_Projects/icee-y/tests/integration/Counter.spec.ts]
2025-06-18T10:12:30-04:00 [INFO] (codacy-cli-v2/cli-v2.go:27) Starting Codacy CLI version=1.0.0-main.337.sha.f97be27 (f97be27) built at 2025-06-12T08:51:04Z
2025-06-18T10:12:30-04:00 [INFO] (codacy-cli-v2/cmd/root.go:34) Executing CLI command full_command=[/home/drj/.cache/codacy/codacy-cli-v2/1.0.0-main.337.sha.f97be27/codacy-cli-v2 analyze /home/drj/_Projects/icee-y/vitest.config.mts --format sarif] args=[/home/drj/_Projects/icee-y/vitest.config.mts] command=analyze
2025-06-18T10:12:58-04:00 [INFO] (codacy-cli-v2/cli-v2.go:27) Starting Codacy CLI version=1.0.0-main.337.sha.f97be27 (f97be27) built at 2025-06-12T08:51:04Z
2025-06-18T10:12:58-04:00 [INFO] (codacy-cli-v2/cmd/root.go:34) Executing CLI command command=analyze full_command=[/home/drj/.cache/codacy/codacy-cli-v2/1.0.0-main.337.sha.f97be27/codacy-cli-v2 analyze /home/drj/_Projects/icee-y/.github/workflows/CI.yml --format sarif] args=[/home/drj/_Projects/icee-y/.github/workflows/CI.yml]
2025-06-18T10:13:04-04:00 [INFO] (codacy-cli-v2/cli-v2.go:27) Starting Codacy CLI version=1.0.0-main.337.sha.f97be27 (f97be27) built at 2025-06-12T08:51:04Z
2025-06-18T10:13:04-04:00 [INFO] (codacy-cli-v2/cmd/root.go:34) Executing CLI command args=[/home/drj/_Projects/icee-y/vitest.config.mts] command=analyze full_command=[/home/drj/.cache/codacy/codacy-cli-v2/1.0.0-main.337.sha.f97be27/codacy-cli-v2 analyze /home/drj/_Projects/icee-y/vitest.config.mts --format sarif]
2025-06-19T03:20:41-04:00 [INFO] (codacy-cli-v2/cli-v2.go:27) Starting Codacy CLI version=1.0.0-main.337.sha.f97be27 (f97be27) built at 2025-06-12T08:51:04Z
2025-06-19T03:20:41-04:00 [INFO] (codacy-cli-v2/cmd/root.go:34) Executing CLI command full_command=[/home/drj/.cache/codacy/codacy-cli-v2/1.0.0-main.337.sha.f97be27/codacy-cli-v2 analyze /home/drj/_Projects/icee-y/package.json --format sarif] args=[/home/drj/_Projects/icee-y/package.json] command=analyze
2025-06-19T03:22:05-04:00 [INFO] (codacy-cli-v2/cli-v2.go:27) Starting Codacy CLI version=1.0.0-main.337.sha.f97be27 (f97be27) built at 2025-06-12T08:51:04Z
2025-06-19T03:22:05-04:00 [INFO] (codacy-cli-v2/cmd/root.go:34) Executing CLI command command=analyze full_command=[/home/drj/.cache/codacy/codacy-cli-v2/1.0.0-main.337.sha.f97be27/codacy-cli-v2 analyze /home/drj/_Projects/icee-y/.cursor/rules/qa.mdc --format sarif] args=[/home/drj/_Projects/icee-y/.cursor/rules/qa.mdc]
2025-06-19T03:26:44-04:00 [INFO] (codacy-cli-v2/cli-v2.go:27) Starting Codacy CLI version=1.0.0-main.337.sha.f97be27 (f97be27) built at 2025-06-12T08:51:04Z
2025-06-19T03:26:44-04:00 [INFO] (codacy-cli-v2/cmd/root.go:34) Executing CLI command full_command=[/home/drj/.cache/codacy/codacy-cli-v2/1.0.0-main.337.sha.f97be27/codacy-cli-v2 analyze /home/drj/_Projects/icee-y/web-bundles/agents/bmad-master.txt --format sarif] args=[/home/drj/_Projects/icee-y/web-bundles/agents/bmad-master.txt] command=analyze
2025-06-19T03:26:49-04:00 [INFO] (codacy-cli-v2/cli-v2.go:27) Starting Codacy CLI version=1.0.0-main.337.sha.f97be27 (f97be27) built at 2025-06-12T08:51:04Z
2025-06-19T03:26:49-04:00 [INFO] (codacy-cli-v2/cmd/root.go:34) Executing CLI command args=[/home/drj/_Projects/icee-y/.cursor/rules/bmad-master.mdc] command=analyze full_command=[/home/drj/.cache/codacy/codacy-cli-v2/1.0.0-main.337.sha.f97be27/codacy-cli-v2 analyze /home/drj/_Projects/icee-y/.cursor/rules/bmad-master.mdc --format sarif]
2025-06-19T03:26:52-04:00 [INFO] (codacy-cli-v2/cli-v2.go:27) Starting Codacy CLI version=1.0.0-main.337.sha.f97be27 (f97be27) built at 2025-06-12T08:51:04Z
2025-06-19T03:26:52-04:00 [INFO] (codacy-cli-v2/cmd/root.go:34) Executing CLI command command=analyze full_command=[/home/drj/.cache/codacy/codacy-cli-v2/1.0.0-main.337.sha.f97be27/codacy-cli-v2 analyze /home/drj/_Projects/icee-y/.cursor/rules/bmad-orchestrator.mdc --format sarif] args=[/home/drj/_Projects/icee-y/.cursor/rules/bmad-orchestrator.mdc]
2025-06-19T03:27:04-04:00 [INFO] (codacy-cli-v2/cli-v2.go:27) Starting Codacy CLI version=1.0.0-main.337.sha.f97be27 (f97be27) built at 2025-06-12T08:51:04Z
2025-06-19T03:27:04-04:00 [INFO] (codacy-cli-v2/cmd/root.go:34) Executing CLI command full_command=[/home/drj/.cache/codacy/codacy-cli-v2/1.0.0-main.337.sha.f97be27/codacy-cli-v2 analyze /home/drj/_Projects/icee-y/.cursor/rules/codacy.mdc --format sarif] args=[/home/drj/_Projects/icee-y/.cursor/rules/codacy.mdc] command=analyze
2025-06-19T03:27:40-04:00 [INFO] (codacy-cli-v2/cli-v2.go:27) Starting Codacy CLI version=1.0.0-main.337.sha.f97be27 (f97be27) built at 2025-06-12T08:51:04Z
2025-06-19T03:27:40-04:00 [INFO] (codacy-cli-v2/cmd/root.go:34) Executing CLI command command=analyze full_command=[/home/drj/.cache/codacy/codacy-cli-v2/1.0.0-main.337.sha.f97be27/codacy-cli-v2 analyze /home/drj/_Projects/icee-y/.bmad-core/utils/agent-switcher.ide.md --format sarif] args=[/home/drj/_Projects/icee-y/.bmad-core/utils/agent-switcher.ide.md]
2025-06-19T03:27:56-04:00 [INFO] (codacy-cli-v2/cli-v2.go:27) Starting Codacy CLI version=1.0.0-main.337.sha.f97be27 (f97be27) built at 2025-06-12T08:51:04Z
2025-06-19T03:27:56-04:00 [INFO] (codacy-cli-v2/cmd/root.go:34) Executing CLI command full_command=[/home/drj/.cache/codacy/codacy-cli-v2/1.0.0-main.337.sha.f97be27/codacy-cli-v2 analyze /home/drj/_Projects/icee-y/.cursor/rules/bmad-auto-suggestions.mdc --format sarif] args=[/home/drj/_Projects/icee-y/.cursor/rules/bmad-auto-suggestions.mdc] command=analyze
2025-06-19T03:28:23-04:00 [INFO] (codacy-cli-v2/cli-v2.go:27) Starting Codacy CLI version=1.0.0-main.337.sha.f97be27 (f97be27) built at 2025-06-12T08:51:04Z
2025-06-19T03:28:23-04:00 [INFO] (codacy-cli-v2/cmd/root.go:34) Executing CLI command full_command=[/home/drj/.cache/codacy/codacy-cli-v2/1.0.0-main.337.sha.f97be27/codacy-cli-v2 analyze .bmad-core/utils/agent-switcher.ide.md --format sarif] args=[.bmad-core/utils/agent-switcher.ide.md] command=analyze
2025-06-19T03:28:24-04:00 [INFO] (codacy-cli-v2/cli-v2.go:27) Starting Codacy CLI version=1.0.0-main.337.sha.f97be27 (f97be27) built at 2025-06-12T08:51:04Z
2025-06-19T03:28:24-04:00 [INFO] (codacy-cli-v2/cmd/root.go:34) Executing CLI command full_command=[/home/drj/.cache/codacy/codacy-cli-v2/1.0.0-main.337.sha.f97be27/codacy-cli-v2 analyze .cursor/rules/bmad-auto-suggestions.mdc --format sarif] args=[.cursor/rules/bmad-auto-suggestions.mdc] command=analyze
2025-06-19T03:35:43-04:00 [INFO] (codacy-cli-v2/cli-v2.go:27) Starting Codacy CLI version=1.0.0-main.337.sha.f97be27 (f97be27) built at 2025-06-12T08:51:04Z
2025-06-19T03:35:43-04:00 [INFO] (codacy-cli-v2/cmd/root.go:34) Executing CLI command full_command=[/home/drj/.cache/codacy/codacy-cli-v2/1.0.0-main.337.sha.f97be27/codacy-cli-v2 analyze /home/drj/_Projects/icee-y/.cursor/rules/game-designer.mdc --format sarif] args=[/home/drj/_Projects/icee-y/.cursor/rules/game-designer.mdc] command=analyze
2025-06-19T03:36:38-04:00 [INFO] (codacy-cli-v2/cli-v2.go:27) Starting Codacy CLI version=1.0.0-main.337.sha.f97be27 (f97be27) built at 2025-06-12T08:51:04Z
2025-06-19T03:36:38-04:00 [INFO] (codacy-cli-v2/cmd/root.go:34) Executing CLI command command=analyze full_command=[/home/drj/.cache/codacy/codacy-cli-v2/1.0.0-main.337.sha.f97be27/codacy-cli-v2 analyze /home/drj/_Projects/icee-y/.cursor/rules/bmad-orchestrator.mdc --format sarif] args=[/home/drj/_Projects/icee-y/.cursor/rules/bmad-orchestrator.mdc]
2025-06-19T03:37:04-04:00 [INFO] (codacy-cli-v2/cli-v2.go:27) Starting Codacy CLI version=1.0.0-main.337.sha.f97be27 (f97be27) built at 2025-06-12T08:51:04Z
2025-06-19T03:37:04-04:00 [INFO] (codacy-cli-v2/cmd/root.go:34) Executing CLI command full_command=[/home/drj/.cache/codacy/codacy-cli-v2/1.0.0-main.337.sha.f97be27/codacy-cli-v2 analyze /home/drj/_Projects/icee-y/.cursor/rules/bmad-orchestrator.mdc --format sarif] args=[/home/drj/_Projects/icee-y/.cursor/rules/bmad-orchestrator.mdc] command=analyze
2025-06-19T03:57:15-04:00 [INFO] (codacy-cli-v2/cli-v2.go:27) Starting Codacy CLI version=1.0.0-main.337.sha.f97be27 (f97be27) built at 2025-06-12T08:51:04Z
2025-06-19T03:57:15-04:00 [INFO] (codacy-cli-v2/cmd/root.go:34) Executing CLI command full_command=[/home/drj/.cache/codacy/codacy-cli-v2/1.0.0-main.337.sha.f97be27/codacy-cli-v2 analyze /home/drj/_Projects/icee-y/package.json --format sarif] args=[/home/drj/_Projects/icee-y/package.json] command=analyze
2025-06-19T03:57:24-04:00 [INFO] (codacy-cli-v2/cli-v2.go:27) Starting Codacy CLI version=1.0.0-main.337.sha.f97be27 (f97be27) built at 2025-06-12T08:51:04Z
2025-06-19T03:57:24-04:00 [INFO] (codacy-cli-v2/cmd/root.go:34) Executing CLI command full_command=[/home/drj/.cache/codacy/codacy-cli-v2/1.0.0-main.337.sha.f97be27/codacy-cli-v2 analyze /home/drj/_Projects/icee-y/eslint.config.mjs --format sarif] args=[/home/drj/_Projects/icee-y/eslint.config.mjs] command=analyze
2025-06-19T03:57:25-04:00 [DEBUG] (codacy-cli-v2/tools/pmdRunner.go:32) PMD binary path pmdBinary=/home/drj/.cache/codacy/tools/pmd@6.55.0/pmd-bin-6.55.0/bin/run.sh
2025-06-19T03:57:25-04:00 [DEBUG] (codacy-cli-v2/tools/pmdRunner.go:98) Setting up Java environment javaHome=/home/drj/.cache/codacy/runtimes/jdk-17.0.10+7
2025-06-19T03:57:25-04:00 [DEBUG] (codacy-cli-v2/tools/pmdRunner.go:144) Updated environment variables binDir=/home/drj/.cache/codacy/runtimes/jdk-17.0.10+7/bin javaBinary=/home/drj/.cache/codacy/runtimes/jdk-17.0.10+7/bin/java javaHome=JAVA_HOME=/home/drj/.cache/codacy/runtimes/jdk-17.0.10+7 path=PATH=/home/drj/.cache/codacy/runtimes/jdk-17.0.10+7/bin:/tmp/.mount_cursorJfmGit/usr/bin:/tmp/.mount_cursorJfmGit/usr/sbin:/tmp/.mount_cursorJfmGit/usr/games:/tmp/.mount_cursorJfmGit/bin:/tmp/.mount_cursorJfmGit/sbin:/home/drj/bin:/home/drj/.local/bin:/home/drj/.volta/bin:/home/drj/google-cloud-sdk/bin:/usr/local/sbin:/usr/local/bin:/usr/sbin:/usr/bin:/sbin:/bin:/usr/games:/usr/local/games:/snap/bin
2025-06-19T03:57:25-04:00 [DEBUG] (codacy-cli-v2/tools/pmdRunner.go:160) Running PMD command command=/home/drj/.cache/codacy/tools/pmd@6.55.0/pmd-bin-6.55.0/bin/run.sh pmd -R .codacy/tools-configs/ruleset.xml -d /home/drj/_Projects/icee-y/eslint.config.mjs -f sarif -r /tmp/codacy-analysis-3888892543/pmd.sarif
2025-06-19T03:57:39-04:00 [INFO] (codacy-cli-v2/cli-v2.go:27) Starting Codacy CLI version=1.0.0-main.337.sha.f97be27 (f97be27) built at 2025-06-12T08:51:04Z
2025-06-19T03:57:39-04:00 [INFO] (codacy-cli-v2/cmd/root.go:34) Executing CLI command command=analyze full_command=[/home/drj/.cache/codacy/codacy-cli-v2/1.0.0-main.337.sha.f97be27/codacy-cli-v2 analyze /home/drj/_Projects/icee-y/.bmad-core/templates/front-end-architecture-tmpl.md --format sarif] args=[/home/drj/_Projects/icee-y/.bmad-core/templates/front-end-architecture-tmpl.md]
2025-06-19T03:58:12-04:00 [INFO] (codacy-cli-v2/cli-v2.go:27) Starting Codacy CLI version=1.0.0-main.337.sha.f97be27 (f97be27) built at 2025-06-12T08:51:04Z
2025-06-19T03:58:12-04:00 [INFO] (codacy-cli-v2/cmd/root.go:34) Executing CLI command command=analyze full_command=[/home/drj/.cache/codacy/codacy-cli-v2/1.0.0-main.337.sha.f97be27/codacy-cli-v2 analyze /home/drj/_Projects/icee-y/.cursor/rules/nextjs-app-router.mdc --format sarif] args=[/home/drj/_Projects/icee-y/.cursor/rules/nextjs-app-router.mdc]
2025-06-19T03:58:47-04:00 [INFO] (codacy-cli-v2/cli-v2.go:27) Starting Codacy CLI version=1.0.0-main.337.sha.f97be27 (f97be27) built at 2025-06-12T08:51:04Z
2025-06-19T03:58:47-04:00 [INFO] (codacy-cli-v2/cmd/root.go:34) Executing CLI command command=analyze full_command=[/home/drj/.cache/codacy/codacy-cli-v2/1.0.0-main.337.sha.f97be27/codacy-cli-v2 analyze /home/drj/_Projects/icee-y/.cursor/rules/typescript-strict.mdc --format sarif] args=[/home/drj/_Projects/icee-y/.cursor/rules/typescript-strict.mdc]
2025-06-19T03:59:40-04:00 [INFO] (codacy-cli-v2/cli-v2.go:27) Starting Codacy CLI version=1.0.0-main.337.sha.f97be27 (f97be27) built at 2025-06-12T08:51:04Z
2025-06-19T03:59:40-04:00 [INFO] (codacy-cli-v2/cmd/root.go:34) Executing CLI command command=analyze full_command=[/home/drj/.cache/codacy/codacy-cli-v2/1.0.0-main.337.sha.f97be27/codacy-cli-v2 analyze /home/drj/_Projects/icee-y/.cursor/rules/drizzle-database.mdc --format sarif] args=[/home/drj/_Projects/icee-y/.cursor/rules/drizzle-database.mdc]
2025-06-19T04:00:41-04:00 [INFO] (codacy-cli-v2/cli-v2.go:27) Starting Codacy CLI version=1.0.0-main.337.sha.f97be27 (f97be27) built at 2025-06-12T08:51:04Z
2025-06-19T04:00:41-04:00 [INFO] (codacy-cli-v2/cmd/root.go:34) Executing CLI command command=analyze full_command=[/home/drj/.cache/codacy/codacy-cli-v2/1.0.0-main.337.sha.f97be27/codacy-cli-v2 analyze /home/drj/_Projects/icee-y/.cursor/rules/testing-standards.mdc --format sarif] args=[/home/drj/_Projects/icee-y/.cursor/rules/testing-standards.mdc]
2025-06-19T04:01:46-04:00 [INFO] (codacy-cli-v2/cli-v2.go:27) Starting Codacy CLI version=1.0.0-main.337.sha.f97be27 (f97be27) built at 2025-06-12T08:51:04Z
2025-06-19T04:01:46-04:00 [INFO] (codacy-cli-v2/cmd/root.go:34) Executing CLI command args=[/home/drj/_Projects/icee-y/.cursor/rules/performance-security.mdc] command=analyze full_command=[/home/drj/.cache/codacy/codacy-cli-v2/1.0.0-main.337.sha.f97be27/codacy-cli-v2 analyze /home/drj/_Projects/icee-y/.cursor/rules/performance-security.mdc --format sarif]
2025-06-19T04:01:53-04:00 [INFO] (codacy-cli-v2/cli-v2.go:27) Starting Codacy CLI version=1.0.0-main.337.sha.f97be27 (f97be27) built at 2025-06-12T08:51:04Z
2025-06-19T04:01:53-04:00 [INFO] (codacy-cli-v2/cmd/root.go:34) Executing CLI command command=analyze full_command=[/home/drj/.cache/codacy/codacy-cli-v2/1.0.0-main.337.sha.f97be27/codacy-cli-v2 analyze .cursor/rules/nextjs-app-router.mdc --format sarif] args=[.cursor/rules/nextjs-app-router.mdc]
2025-06-19T04:01:58-04:00 [INFO] (codacy-cli-v2/cli-v2.go:27) Starting Codacy CLI version=1.0.0-main.337.sha.f97be27 (f97be27) built at 2025-06-12T08:51:04Z
2025-06-19T04:01:58-04:00 [INFO] (codacy-cli-v2/cmd/root.go:34) Executing CLI command command=analyze full_command=[/home/drj/.cache/codacy/codacy-cli-v2/1.0.0-main.337.sha.f97be27/codacy-cli-v2 analyze .cursor/rules/typescript-strict.mdc --format sarif] args=[.cursor/rules/typescript-strict.mdc]
2025-06-19T04:02:06-04:00 [INFO] (codacy-cli-v2/cli-v2.go:27) Starting Codacy CLI version=1.0.0-main.337.sha.f97be27 (f97be27) built at 2025-06-12T08:51:04Z
2025-06-19T04:02:06-04:00 [INFO] (codacy-cli-v2/cmd/root.go:34) Executing CLI command args=[.cursor/rules/drizzle-database.mdc] command=analyze full_command=[/home/drj/.cache/codacy/codacy-cli-v2/1.0.0-main.337.sha.f97be27/codacy-cli-v2 analyze .cursor/rules/drizzle-database.mdc --format sarif]
2025-06-19T04:02:13-04:00 [INFO] (codacy-cli-v2/cli-v2.go:27) Starting Codacy CLI version=1.0.0-main.337.sha.f97be27 (f97be27) built at 2025-06-12T08:51:04Z
2025-06-19T04:02:13-04:00 [INFO] (codacy-cli-v2/cmd/root.go:34) Executing CLI command args=[.cursor/rules/testing-standards.mdc] command=analyze full_command=[/home/drj/.cache/codacy/codacy-cli-v2/1.0.0-main.337.sha.f97be27/codacy-cli-v2 analyze .cursor/rules/testing-standards.mdc --format sarif]
2025-06-19T04:02:21-04:00 [INFO] (codacy-cli-v2/cli-v2.go:27) Starting Codacy CLI version=1.0.0-main.337.sha.f97be27 (f97be27) built at 2025-06-12T08:51:04Z
2025-06-19T04:02:21-04:00 [INFO] (codacy-cli-v2/cmd/root.go:34) Executing CLI command full_command=[/home/drj/.cache/codacy/codacy-cli-v2/1.0.0-main.337.sha.f97be27/codacy-cli-v2 analyze .cursor/rules/performance-security.mdc --format sarif] args=[.cursor/rules/performance-security.mdc] command=analyze
2025-06-19T04:02:47-04:00 [INFO] (codacy-cli-v2/cli-v2.go:27) Starting Codacy CLI version=1.0.0-main.337.sha.f97be27 (f97be27) built at 2025-06-12T08:51:04Z
2025-06-19T04:02:47-04:00 [INFO] (codacy-cli-v2/cmd/root.go:34) Executing CLI command full_command=[/home/drj/.cache/codacy/codacy-cli-v2/1.0.0-main.337.sha.f97be27/codacy-cli-v2 analyze /home/drj/_Projects/icee-y/.cursor/rules/bmad-auto-suggestions.mdc --format sarif] args=[/home/drj/_Projects/icee-y/.cursor/rules/bmad-auto-suggestions.mdc] command=analyze
2025-06-19T04:10:11-04:00 [INFO] (codacy-cli-v2/cli-v2.go:27) Starting Codacy CLI version=1.0.0-main.337.sha.f97be27 (f97be27) built at 2025-06-12T08:51:04Z
2025-06-19T04:10:11-04:00 [INFO] (codacy-cli-v2/cmd/root.go:34) Executing CLI command command=analyze full_command=[/home/drj/.cache/codacy/codacy-cli-v2/1.0.0-main.337.sha.f97be27/codacy-cli-v2 analyze /home/drj/_Projects/icee-y/.bmad-core/utils/agent-switcher.ide.md --format sarif] args=[/home/drj/_Projects/icee-y/.bmad-core/utils/agent-switcher.ide.md]
2025-06-19T04:11:25-04:00 [INFO] (codacy-cli-v2/cli-v2.go:27) Starting Codacy CLI version=1.0.0-main.337.sha.f97be27 (f97be27) built at 2025-06-12T08:51:04Z
2025-06-19T04:11:25-04:00 [INFO] (codacy-cli-v2/cmd/root.go:34) Executing CLI command args=[/home/drj/_Projects/icee-y/src/utils/Helpers.test.ts] command=analyze full_command=[/home/drj/.cache/codacy/codacy-cli-v2/1.0.0-main.337.sha.f97be27/codacy-cli-v2 analyze /home/drj/_Projects/icee-y/src/utils/Helpers.test.ts --format sarif]
2025-06-19T04:11:38-04:00 [INFO] (codacy-cli-v2/cli-v2.go:27) Starting Codacy CLI version=1.0.0-main.337.sha.f97be27 (f97be27) built at 2025-06-12T08:51:04Z
2025-06-19T04:11:38-04:00 [INFO] (codacy-cli-v2/cmd/root.go:34) Executing CLI command command=analyze full_command=[/home/drj/.cache/codacy/codacy-cli-v2/1.0.0-main.337.sha.f97be27/codacy-cli-v2 analyze /home/drj/_Projects/icee-y/src/validations/CounterValidation.ts --format sarif] args=[/home/drj/_Projects/icee-y/src/validations/CounterValidation.ts]
2025-06-19T04:11:56-04:00 [INFO] (codacy-cli-v2/cli-v2.go:27) Starting Codacy CLI version=1.0.0-main.337.sha.f97be27 (f97be27) built at 2025-06-12T08:51:04Z
2025-06-19T04:11:56-04:00 [INFO] (codacy-cli-v2/cmd/root.go:34) Executing CLI command args=[/home/drj/_Projects/icee-y/tests/e2e/Visual.e2e.ts] command=analyze full_command=[/home/drj/.cache/codacy/codacy-cli-v2/1.0.0-main.337.sha.f97be27/codacy-cli-v2 analyze /home/drj/_Projects/icee-y/tests/e2e/Visual.e2e.ts --format sarif]
2025-06-19T04:12:09-04:00 [INFO] (codacy-cli-v2/cli-v2.go:27) Starting Codacy CLI version=1.0.0-main.337.sha.f97be27 (f97be27) built at 2025-06-12T08:51:04Z
2025-06-19T04:12:09-04:00 [INFO] (codacy-cli-v2/cmd/root.go:34) Executing CLI command full_command=[/home/drj/.cache/codacy/codacy-cli-v2/1.0.0-main.337.sha.f97be27/codacy-cli-v2 analyze /home/drj/_Projects/icee-y/tests/e2e/Counter.e2e.ts --format sarif] args=[/home/drj/_Projects/icee-y/tests/e2e/Counter.e2e.ts] command=analyze
2025-06-19T04:12:24-04:00 [INFO] (codacy-cli-v2/cli-v2.go:27) Starting Codacy CLI version=1.0.0-main.337.sha.f97be27 (f97be27) built at 2025-06-12T08:51:04Z
2025-06-19T04:12:24-04:00 [INFO] (codacy-cli-v2/cmd/root.go:34) Executing CLI command command=analyze full_command=[/home/drj/.cache/codacy/codacy-cli-v2/1.0.0-main.337.sha.f97be27/codacy-cli-v2 analyze /home/drj/_Projects/icee-y/.bmad-core/utils/agent-switcher.ide.md --format sarif] args=[/home/drj/_Projects/icee-y/.bmad-core/utils/agent-switcher.ide.md]
2025-06-19T04:12:28-04:00 [INFO] (codacy-cli-v2/cli-v2.go:27) Starting Codacy CLI version=1.0.0-main.337.sha.f97be27 (f97be27) built at 2025-06-12T08:51:04Z
2025-06-19T04:12:28-04:00 [INFO] (codacy-cli-v2/cmd/root.go:34) Executing CLI command command=analyze full_command=[/home/drj/.cache/codacy/codacy-cli-v2/1.0.0-main.337.sha.f97be27/codacy-cli-v2 analyze /home/drj/_Projects/icee-y/.bmad-core/utils/agent-switcher.ide.md --format sarif] args=[/home/drj/_Projects/icee-y/.bmad-core/utils/agent-switcher.ide.md]
2025-06-19T04:12:43-04:00 [INFO] (codacy-cli-v2/cli-v2.go:27) Starting Codacy CLI version=1.0.0-main.337.sha.f97be27 (f97be27) built at 2025-06-12T08:51:04Z
2025-06-19T04:12:43-04:00 [INFO] (codacy-cli-v2/cmd/root.go:34) Executing CLI command args=[/home/drj/_Projects/icee-y/.bmad-core/utils/agent-switcher.ide.md] command=analyze full_command=[/home/drj/.cache/codacy/codacy-cli-v2/1.0.0-main.337.sha.f97be27/codacy-cli-v2 analyze /home/drj/_Projects/icee-y/.bmad-core/utils/agent-switcher.ide.md --format sarif]
2025-06-19T04:12:48-04:00 [INFO] (codacy-cli-v2/cli-v2.go:27) Starting Codacy CLI version=1.0.0-main.337.sha.f97be27 (f97be27) built at 2025-06-12T08:51:04Z
2025-06-19T04:12:48-04:00 [INFO] (codacy-cli-v2/cmd/root.go:34) Executing CLI command command=analyze full_command=[/home/drj/.cache/codacy/codacy-cli-v2/1.0.0-main.337.sha.f97be27/codacy-cli-v2 analyze /home/drj/_Projects/icee-y/.bmad-core/utils/agent-switcher.ide.md --format sarif] args=[/home/drj/_Projects/icee-y/.bmad-core/utils/agent-switcher.ide.md]
2025-06-19T04:13:06-04:00 [INFO] (codacy-cli-v2/cli-v2.go:27) Starting Codacy CLI version=1.0.0-main.337.sha.f97be27 (f97be27) built at 2025-06-12T08:51:04Z
2025-06-19T04:13:06-04:00 [INFO] (codacy-cli-v2/cmd/root.go:34) Executing CLI command full_command=[/home/drj/.cache/codacy/codacy-cli-v2/1.0.0-main.337.sha.f97be27/codacy-cli-v2 analyze /home/drj/_Projects/icee-y/.bmad-core/utils/agent-switcher.ide.md --format sarif] args=[/home/drj/_Projects/icee-y/.bmad-core/utils/agent-switcher.ide.md] command=analyze
2025-06-19T04:13:13-04:00 [INFO] (codacy-cli-v2/cli-v2.go:27) Starting Codacy CLI version=1.0.0-main.337.sha.f97be27 (f97be27) built at 2025-06-12T08:51:04Z
2025-06-19T04:13:13-04:00 [INFO] (codacy-cli-v2/cmd/root.go:34) Executing CLI command full_command=[/home/drj/.cache/codacy/codacy-cli-v2/1.0.0-main.337.sha.f97be27/codacy-cli-v2 analyze /home/drj/_Projects/icee-y/.bmad-core/utils/agent-switcher.ide.md --format sarif] args=[/home/drj/_Projects/icee-y/.bmad-core/utils/agent-switcher.ide.md] command=analyze
2025-06-19T04:13:33-04:00 [INFO] (codacy-cli-v2/cli-v2.go:27) Starting Codacy CLI version=1.0.0-main.337.sha.f97be27 (f97be27) built at 2025-06-12T08:51:04Z
2025-06-19T04:13:33-04:00 [INFO] (codacy-cli-v2/cmd/root.go:34) Executing CLI command command=analyze full_command=[/home/drj/.cache/codacy/codacy-cli-v2/1.0.0-main.337.sha.f97be27/codacy-cli-v2 analyze /home/drj/_Projects/icee-y/src/components/CounterForm.test.tsx --format sarif] args=[/home/drj/_Projects/icee-y/src/components/CounterForm.test.tsx]
2025-06-19T04:13:43-04:00 [INFO] (codacy-cli-v2/cli-v2.go:27) Starting Codacy CLI version=1.0.0-main.337.sha.f97be27 (f97be27) built at 2025-06-12T08:51:04Z
2025-06-19T04:13:43-04:00 [INFO] (codacy-cli-v2/cmd/root.go:34) Executing CLI command command=analyze full_command=[/home/drj/.cache/codacy/codacy-cli-v2/1.0.0-main.337.sha.f97be27/codacy-cli-v2 analyze /home/drj/_Projects/icee-y/.bmad-core/utils/agent-switcher.ide.md --format sarif] args=[/home/drj/_Projects/icee-y/.bmad-core/utils/agent-switcher.ide.md]
2025-06-19T04:14:07-04:00 [INFO] (codacy-cli-v2/cli-v2.go:27) Starting Codacy CLI version=1.0.0-main.337.sha.f97be27 (f97be27) built at 2025-06-12T08:51:04Z
2025-06-19T04:14:07-04:00 [INFO] (codacy-cli-v2/cmd/root.go:34) Executing CLI command args=[/home/drj/_Projects/icee-y/.bmad-core/utils/agent-switcher.ide.md] command=analyze full_command=[/home/drj/.cache/codacy/codacy-cli-v2/1.0.0-main.337.sha.f97be27/codacy-cli-v2 analyze /home/drj/_Projects/icee-y/.bmad-core/utils/agent-switcher.ide.md --format sarif]
2025-06-19T04:14:13-04:00 [INFO] (codacy-cli-v2/cli-v2.go:27) Starting Codacy CLI version=1.0.0-main.337.sha.f97be27 (f97be27) built at 2025-06-12T08:51:04Z
2025-06-19T04:14:13-04:00 [INFO] (codacy-cli-v2/cmd/root.go:34) Executing CLI command full_command=[/home/drj/.cache/codacy/codacy-cli-v2/1.0.0-main.337.sha.f97be27/codacy-cli-v2 analyze src/validations/CounterValidation.test.ts --format sarif] args=[src/validations/CounterValidation.test.ts] command=analyze
2025-06-19T04:14:22-04:00 [INFO] (codacy-cli-v2/cli-v2.go:27) Starting Codacy CLI version=1.0.0-main.337.sha.f97be27 (f97be27) built at 2025-06-12T08:51:04Z
2025-06-19T04:14:22-04:00 [INFO] (codacy-cli-v2/cmd/root.go:34) Executing CLI command command=init full_command=[/home/drj/.cache/codacy/codacy-cli-v2/1.0.0-main.337.sha.f97be27/codacy-cli-v2 init] args=[]
2025-06-19T04:14:34-04:00 [INFO] (codacy-cli-v2/cli-v2.go:27) Starting Codacy CLI version=1.0.0-main.337.sha.f97be27 (f97be27) built at 2025-06-12T08:51:04Z
2025-06-19T04:14:34-04:00 [INFO] (codacy-cli-v2/cmd/root.go:34) Executing CLI command command=install full_command=[/home/drj/.cache/codacy/codacy-cli-v2/1.0.0-main.337.sha.f97be27/codacy-cli-v2 install] args=[]
2025-06-19T04:14:34-04:00 [INFO] (codacy-cli-v2/cmd/install.go:72) All components are already installed
2025-06-19T04:14:34-04:00 [INFO] (codacy-cli-v2/cli-v2.go:27) Starting Codacy CLI version=1.0.0-main.337.sha.f97be27 (f97be27) built at 2025-06-12T08:51:04Z
2025-06-19T04:14:34-04:00 [INFO] (codacy-cli-v2/cmd/root.go:34) Executing CLI command command=analyze full_command=[/home/drj/.cache/codacy/codacy-cli-v2/1.0.0-main.337.sha.f97be27/codacy-cli-v2 analyze src/libs/Env.test.ts --format sarif] args=[src/libs/Env.test.ts]
2025-06-19T04:14:35-04:00 [DEBUG] (codacy-cli-v2/tools/revive/reviveRunner.go:53) Running Revive command command=/home/drj/.cache/codacy/tools/revive@1.7.0/revive -config .codacy/tools-configs/revive.toml -formatter sarif src/libs/Env.test.ts
2025-06-19T04:14:43-04:00 [INFO] (codacy-cli-v2/cli-v2.go:27) Starting Codacy CLI version=1.0.0-main.337.sha.f97be27 (f97be27) built at 2025-06-12T08:51:04Z
2025-06-19T04:14:43-04:00 [INFO] (codacy-cli-v2/cmd/root.go:34) Executing CLI command full_command=[/home/drj/.cache/codacy/codacy-cli-v2/1.0.0-main.337.sha.f97be27/codacy-cli-v2 analyze src/components/CounterForm.test.tsx --format sarif] args=[src/components/CounterForm.test.tsx] command=analyze
2025-06-19T04:14:43-04:00 [DEBUG] (codacy-cli-v2/tools/revive/reviveRunner.go:53) Running Revive command command=/home/drj/.cache/codacy/tools/revive@1.7.0/revive -config .codacy/tools-configs/revive.toml -formatter sarif src/components/CounterForm.test.tsx
2025-06-19T04:14:54-04:00 [INFO] (codacy-cli-v2/cli-v2.go:27) Starting Codacy CLI version=1.0.0-main.337.sha.f97be27 (f97be27) built at 2025-06-12T08:51:04Z
2025-06-19T04:14:54-04:00 [INFO] (codacy-cli-v2/cmd/root.go:34) Executing CLI command command=init full_command=[/home/drj/.cache/codacy/codacy-cli-v2/1.0.0-main.337.sha.f97be27/codacy-cli-v2 init --provider gh --organization DrJLabs --repository icee-y --api-token ***] args=[]
2025-06-19T04:14:55-04:00 [INFO] (codacy-cli-v2/tools/getTools.go:49) Supported tools: supported_tools=[map[name:eslint uuid:f8b29663-2cb2-498d-b923-a10c6a8c05cd] map[name:pmd uuid:ed7e8287-707d-485a-a0cb-e211004432c2] map[name:pmd uuid:9ed24812-b6ee-4a58-9004-0ed183c45b8f] map[name:trivy uuid:2fd7fbe0-33f9-4ab3-ab73-e9b62404e2cb] map[name:dartanalyzer uuid:d203d615-6cf1-41f9-be5f-e2f660f7850f] map[name:semgrep uuid:6792c561-236d-41b7-ba5e-9d6bee0d548b] map[name:eslint uuid:2a30ab97-477f-4769-8b88-af596ce7a94c] map[name:pylint uuid:31677b6d-4ae0-4f56-8041-606a8d7a8e61] map[name:lizard uuid:76348462-84b3-409a-90d3-955e90abfb87] map[name:revive uuid:bd81d1f4-1406-402d-9181-1274ee09f1aa]]
2025-06-19T04:15:10-04:00 [INFO] (codacy-cli-v2/cli-v2.go:27) Starting Codacy CLI version=1.0.0-main.337.sha.f97be27 (f97be27) built at 2025-06-12T08:51:04Z
2025-06-19T04:15:10-04:00 [INFO] (codacy-cli-v2/cmd/root.go:34) Executing CLI command command=install full_command=[/home/drj/.cache/codacy/codacy-cli-v2/1.0.0-main.337.sha.f97be27/codacy-cli-v2 install] args=[]
2025-06-19T04:15:10-04:00 [INFO] (codacy-cli-v2/cmd/install.go:72) All components are already installed
2025-06-19T04:15:10-04:00 [INFO] (codacy-cli-v2/cli-v2.go:27) Starting Codacy CLI version=1.0.0-main.337.sha.f97be27 (f97be27) built at 2025-06-12T08:51:04Z
2025-06-19T04:15:10-04:00 [INFO] (codacy-cli-v2/cmd/root.go:34) Executing CLI command command=analyze full_command=[/home/drj/.cache/codacy/codacy-cli-v2/1.0.0-main.337.sha.f97be27/codacy-cli-v2 analyze /home/drj/_Projects/icee-y/.bmad-core/utils/agent-switcher.ide.md --format sarif] args=[/home/drj/_Projects/icee-y/.bmad-core/utils/agent-switcher.ide.md]
2025-06-19T04:15:14-04:00 [INFO] (codacy-cli-v2/cli-v2.go:27) Starting Codacy CLI version=1.0.0-main.337.sha.f97be27 (f97be27) built at 2025-06-12T08:51:04Z
2025-06-19T04:15:14-04:00 [INFO] (codacy-cli-v2/cmd/root.go:34) Executing CLI command full_command=[/home/drj/.cache/codacy/codacy-cli-v2/1.0.0-main.337.sha.f97be27/codacy-cli-v2 analyze /home/drj/_Projects/icee-y/.bmad-core/utils/agent-switcher.ide.md --format sarif] args=[/home/drj/_Projects/icee-y/.bmad-core/utils/agent-switcher.ide.md] command=analyze
2025-06-19T04:15:21-04:00 [INFO] (codacy-cli-v2/cli-v2.go:27) Starting Codacy CLI version=1.0.0-main.337.sha.f97be27 (f97be27) built at 2025-06-12T08:51:04Z
2025-06-19T04:15:21-04:00 [INFO] (codacy-cli-v2/cmd/root.go:34) Executing CLI command command=analyze full_command=[/home/drj/.cache/codacy/codacy-cli-v2/1.0.0-main.337.sha.f97be27/codacy-cli-v2 analyze /home/drj/_Projects/icee-y/.bmad-core/utils/agent-switcher.ide.md --format sarif] args=[/home/drj/_Projects/icee-y/.bmad-core/utils/agent-switcher.ide.md]
2025-06-19T04:15:52-04:00 [INFO] (codacy-cli-v2/cli-v2.go:27) Starting Codacy CLI version=1.0.0-main.337.sha.f97be27 (f97be27) built at 2025-06-12T08:51:04Z
2025-06-19T04:15:52-04:00 [INFO] (codacy-cli-v2/cmd/root.go:34) Executing CLI command command=analyze full_command=[/home/drj/.cache/codacy/codacy-cli-v2/1.0.0-main.337.sha.f97be27/codacy-cli-v2 analyze /home/drj/_Projects/icee-y/docs/testing-strategy.md --format sarif] args=[/home/drj/_Projects/icee-y/docs/testing-strategy.md]
2025-06-19T04:31:15-04:00 [INFO] (codacy-cli-v2/cli-v2.go:27) Starting Codacy CLI version=1.0.0-main.337.sha.f97be27 (f97be27) built at 2025-06-12T08:51:04Z
2025-06-19T04:31:15-04:00 [INFO] (codacy-cli-v2/cmd/root.go:34) Executing CLI command args=[/home/drj/_Projects/icee-y/docs/testing-strategy.md] command=analyze full_command=[/home/drj/.cache/codacy/codacy-cli-v2/1.0.0-main.337.sha.f97be27/codacy-cli-v2 analyze /home/drj/_Projects/icee-y/docs/testing-strategy.md --format sarif]
2025-06-19T04:32:46-04:00 [INFO] (codacy-cli-v2/cli-v2.go:27) Starting Codacy CLI version=1.0.0-main.337.sha.f97be27 (f97be27) built at 2025-06-12T08:51:04Z
2025-06-19T04:32:46-04:00 [INFO] (codacy-cli-v2/cmd/root.go:34) Executing CLI command full_command=[/home/drj/.cache/codacy/codacy-cli-v2/1.0.0-main.337.sha.f97be27/codacy-cli-v2 analyze /home/drj/_Projects/icee-y/docs/testing-strategy.md --format sarif] args=[/home/drj/_Projects/icee-y/docs/testing-strategy.md] command=analyze
2025-06-19T04:33:38-04:00 [INFO] (codacy-cli-v2/cli-v2.go:27) Starting Codacy CLI version=1.0.0-main.337.sha.f97be27 (f97be27) built at 2025-06-12T08:51:04Z
2025-06-19T04:33:38-04:00 [INFO] (codacy-cli-v2/cmd/root.go:34) Executing CLI command full_command=[/home/drj/.cache/codacy/codacy-cli-v2/1.0.0-main.337.sha.f97be27/codacy-cli-v2 analyze /home/drj/_Projects/icee-y/.cursor/rules/testing-standards.mdc --format sarif] args=[/home/drj/_Projects/icee-y/.cursor/rules/testing-standards.mdc] command=analyze
2025-06-19T04:33:43-04:00 [INFO] (codacy-cli-v2/cli-v2.go:27) Starting Codacy CLI version=1.0.0-main.337.sha.f97be27 (f97be27) built at 2025-06-12T08:51:04Z
2025-06-19T04:33:43-04:00 [INFO] (codacy-cli-v2/cmd/root.go:34) Executing CLI command command=analyze full_command=[/home/drj/.cache/codacy/codacy-cli-v2/1.0.0-main.337.sha.f97be27/codacy-cli-v2 analyze /home/drj/_Projects/icee-y/docs/testing-strategy.md --format sarif] args=[/home/drj/_Projects/icee-y/docs/testing-strategy.md]
2025-06-19T04:33:49-04:00 [INFO] (codacy-cli-v2/cli-v2.go:27) Starting Codacy CLI version=1.0.0-main.337.sha.f97be27 (f97be27) built at 2025-06-12T08:51:04Z
2025-06-19T04:33:49-04:00 [INFO] (codacy-cli-v2/cmd/root.go:34) Executing CLI command args=[/home/drj/_Projects/icee-y/docs/testing-strategy.md] command=analyze full_command=[/home/drj/.cache/codacy/codacy-cli-v2/1.0.0-main.337.sha.f97be27/codacy-cli-v2 analyze /home/drj/_Projects/icee-y/docs/testing-strategy.md --format sarif]
2025-06-19T04:34:17-04:00 [INFO] (codacy-cli-v2/cli-v2.go:27) Starting Codacy CLI version=1.0.0-main.337.sha.f97be27 (f97be27) built at 2025-06-12T08:51:04Z
2025-06-19T04:34:17-04:00 [INFO] (codacy-cli-v2/cmd/root.go:34) Executing CLI command command=analyze full_command=[/home/drj/.cache/codacy/codacy-cli-v2/1.0.0-main.337.sha.f97be27/codacy-cli-v2 analyze /home/drj/_Projects/icee-y/docs/testing-strategy.md --format sarif] args=[/home/drj/_Projects/icee-y/docs/testing-strategy.md]
2025-06-19T04:34:23-04:00 [INFO] (codacy-cli-v2/cli-v2.go:27) Starting Codacy CLI version=1.0.0-main.337.sha.f97be27 (f97be27) built at 2025-06-12T08:51:04Z
2025-06-19T04:34:23-04:00 [INFO] (codacy-cli-v2/cmd/root.go:34) Executing CLI command command=analyze full_command=[/home/drj/.cache/codacy/codacy-cli-v2/1.0.0-main.337.sha.f97be27/codacy-cli-v2 analyze /home/drj/_Projects/icee-y/docs/testing-strategy.md --format sarif] args=[/home/drj/_Projects/icee-y/docs/testing-strategy.md]
2025-06-19T04:37:14-04:00 [INFO] (codacy-cli-v2/cli-v2.go:27) Starting Codacy CLI version=1.0.0-main.337.sha.f97be27 (f97be27) built at 2025-06-12T08:51:04Z
2025-06-19T04:37:14-04:00 [INFO] (codacy-cli-v2/cmd/root.go:34) Executing CLI command command=analyze full_command=[/home/drj/.cache/codacy/codacy-cli-v2/1.0.0-main.337.sha.f97be27/codacy-cli-v2 analyze /home/drj/_Projects/icee-y/docs/testing-strategy.md --format sarif] args=[/home/drj/_Projects/icee-y/docs/testing-strategy.md]
2025-06-19T04:37:21-04:00 [INFO] (codacy-cli-v2/cli-v2.go:27) Starting Codacy CLI version=1.0.0-main.337.sha.f97be27 (f97be27) built at 2025-06-12T08:51:04Z
2025-06-19T04:37:21-04:00 [INFO] (codacy-cli-v2/cmd/root.go:34) Executing CLI command full_command=[/home/drj/.cache/codacy/codacy-cli-v2/1.0.0-main.337.sha.f97be27/codacy-cli-v2 analyze /home/drj/_Projects/icee-y/docs/testing-strategy.md --format sarif] args=[/home/drj/_Projects/icee-y/docs/testing-strategy.md] command=analyze
2025-06-19T04:37:57-04:00 [INFO] (codacy-cli-v2/cli-v2.go:27) Starting Codacy CLI version=1.0.0-main.337.sha.f97be27 (f97be27) built at 2025-06-12T08:51:04Z
2025-06-19T04:37:57-04:00 [INFO] (codacy-cli-v2/cmd/root.go:34) Executing CLI command command=analyze full_command=[/home/drj/.cache/codacy/codacy-cli-v2/1.0.0-main.337.sha.f97be27/codacy-cli-v2 analyze /home/drj/_Projects/icee-y/docs/testing-strategy.md --format sarif] args=[/home/drj/_Projects/icee-y/docs/testing-strategy.md]
2025-06-19T04:38:05-04:00 [INFO] (codacy-cli-v2/cli-v2.go:27) Starting Codacy CLI version=1.0.0-main.337.sha.f97be27 (f97be27) built at 2025-06-12T08:51:04Z
2025-06-19T04:38:05-04:00 [INFO] (codacy-cli-v2/cmd/root.go:34) Executing CLI command command=init full_command=[/home/drj/.cache/codacy/codacy-cli-v2/1.0.0-main.337.sha.f97be27/codacy-cli-v2 init] args=[]
2025-06-19T04:38:18-04:00 [INFO] (codacy-cli-v2/cli-v2.go:27) Starting Codacy CLI version=1.0.0-main.337.sha.f97be27 (f97be27) built at 2025-06-12T08:51:04Z
2025-06-19T04:38:18-04:00 [INFO] (codacy-cli-v2/cmd/root.go:34) Executing CLI command full_command=[/home/drj/.cache/codacy/codacy-cli-v2/1.0.0-main.337.sha.f97be27/codacy-cli-v2 install] args=[] command=install
2025-06-19T04:38:18-04:00 [INFO] (codacy-cli-v2/cmd/install.go:72) All components are already installed
2025-06-19T04:38:18-04:00 [INFO] (codacy-cli-v2/cli-v2.go:27) Starting Codacy CLI version=1.0.0-main.337.sha.f97be27 (f97be27) built at 2025-06-12T08:51:04Z
2025-06-19T04:38:18-04:00 [INFO] (codacy-cli-v2/cmd/root.go:34) Executing CLI command full_command=[/home/drj/.cache/codacy/codacy-cli-v2/1.0.0-main.337.sha.f97be27/codacy-cli-v2 analyze .cursor/rules/testing-standards.mdc --format sarif] args=[.cursor/rules/testing-standards.mdc] command=analyze
2025-06-19T04:38:18-04:00 [DEBUG] (codacy-cli-v2/tools/revive/reviveRunner.go:53) Running Revive command command=/home/drj/.cache/codacy/tools/revive@1.7.0/revive -config .codacy/tools-configs/revive.toml -formatter sarif .cursor/rules/testing-standards.mdc
2025-06-19T04:40:35-04:00 [INFO] (codacy-cli-v2/cli-v2.go:27) Starting Codacy CLI version=1.0.0-main.337.sha.f97be27 (f97be27) built at 2025-06-12T08:51:04Z
2025-06-19T04:40:35-04:00 [INFO] (codacy-cli-v2/cmd/root.go:34) Executing CLI command command=init full_command=[/home/drj/.cache/codacy/codacy-cli-v2/1.0.0-main.337.sha.f97be27/codacy-cli-v2 init --provider gh --organization DrJLabs --repository icee-y --api-token ***] args=[]
2025-06-19T04:40:36-04:00 [INFO] (codacy-cli-v2/tools/getTools.go:49) Supported tools: supported_tools=[map[name:pylint uuid:31677b6d-4ae0-4f56-8041-606a8d7a8e61] map[name:revive uuid:bd81d1f4-1406-402d-9181-1274ee09f1aa] map[name:eslint uuid:2a30ab97-477f-4769-8b88-af596ce7a94c] map[name:pmd uuid:ed7e8287-707d-485a-a0cb-e211004432c2] map[name:trivy uuid:2fd7fbe0-33f9-4ab3-ab73-e9b62404e2cb] map[name:dartanalyzer uuid:d203d615-6cf1-41f9-be5f-e2f660f7850f] map[name:lizard uuid:76348462-84b3-409a-90d3-955e90abfb87] map[name:semgrep uuid:6792c561-236d-41b7-ba5e-9d6bee0d548b] map[name:eslint uuid:f8b29663-2cb2-498d-b923-a10c6a8c05cd] map[name:pmd uuid:9ed24812-b6ee-4a58-9004-0ed183c45b8f]]
2025-06-19T04:40:51-04:00 [INFO] (codacy-cli-v2/cli-v2.go:27) Starting Codacy CLI version=1.0.0-main.337.sha.f97be27 (f97be27) built at 2025-06-12T08:51:04Z
2025-06-19T04:40:51-04:00 [INFO] (codacy-cli-v2/cmd/root.go:34) Executing CLI command full_command=[/home/drj/.cache/codacy/codacy-cli-v2/1.0.0-main.337.sha.f97be27/codacy-cli-v2 install] args=[] command=install
2025-06-19T04:40:51-04:00 [INFO] (codacy-cli-v2/cmd/install.go:72) All components are already installed
2025-06-19T04:40:52-04:00 [INFO] (codacy-cli-v2/cli-v2.go:27) Starting Codacy CLI version=1.0.0-main.337.sha.f97be27 (f97be27) built at 2025-06-12T08:51:04Z
2025-06-19T04:40:52-04:00 [INFO] (codacy-cli-v2/cmd/root.go:34) Executing CLI command full_command=[/home/drj/.cache/codacy/codacy-cli-v2/1.0.0-main.337.sha.f97be27/codacy-cli-v2 analyze /home/drj/_Projects/icee-y/package.json --format sarif] args=[/home/drj/_Projects/icee-y/package.json] command=analyze
2025-06-19T04:42:05-04:00 [INFO] (codacy-cli-v2/cli-v2.go:27) Starting Codacy CLI version=1.0.0-main.337.sha.f97be27 (f97be27) built at 2025-06-12T08:51:04Z
2025-06-19T04:42:05-04:00 [INFO] (codacy-cli-v2/cmd/root.go:34) Executing CLI command command=analyze full_command=[/home/drj/.cache/codacy/codacy-cli-v2/1.0.0-main.337.sha.f97be27/codacy-cli-v2 analyze /home/drj/_Projects/icee-y/.cursor/rules/bmad-the-creator.mdc --format sarif] args=[/home/drj/_Projects/icee-y/.cursor/rules/bmad-the-creator.mdc]
2025-06-19T04:42:48-04:00 [INFO] (codacy-cli-v2/cli-v2.go:27) Starting Codacy CLI version=1.0.0-main.337.sha.f97be27 (f97be27) built at 2025-06-12T08:51:04Z
2025-06-19T04:42:48-04:00 [INFO] (codacy-cli-v2/cmd/root.go:34) Executing CLI command args=[/home/drj/_Projects/icee-y/.cursor/rules/bmad-master.mdc] command=analyze full_command=[/home/drj/.cache/codacy/codacy-cli-v2/1.0.0-main.337.sha.f97be27/codacy-cli-v2 analyze /home/drj/_Projects/icee-y/.cursor/rules/bmad-master.mdc --format sarif]
2025-06-19T04:53:17-04:00 [INFO] (codacy-cli-v2/cli-v2.go:27) Starting Codacy CLI version=1.0.0-main.337.sha.f97be27 (f97be27) built at 2025-06-12T08:51:04Z
2025-06-19T04:53:17-04:00 [INFO] (codacy-cli-v2/cmd/root.go:34) Executing CLI command command=analyze full_command=[/home/drj/.cache/codacy/codacy-cli-v2/1.0.0-main.337.sha.f97be27/codacy-cli-v2 analyze /home/drj/_Projects/icee-y/.cursor/rules/testing-standards.mdc --format sarif] args=[/home/drj/_Projects/icee-y/.cursor/rules/testing-standards.mdc]
2025-06-19T04:56:09-04:00 [INFO] (codacy-cli-v2/cli-v2.go:27) Starting Codacy CLI version=1.0.0-main.337.sha.f97be27 (f97be27) built at 2025-06-12T08:51:04Z
2025-06-19T04:56:09-04:00 [INFO] (codacy-cli-v2/cmd/root.go:34) Executing CLI command full_command=[/home/drj/.cache/codacy/codacy-cli-v2/1.0.0-main.337.sha.f97be27/codacy-cli-v2 analyze /home/drj/_Projects/icee-y/.cursor/rules/typescript-strict.mdc --format sarif] args=[/home/drj/_Projects/icee-y/.cursor/rules/typescript-strict.mdc] command=analyze
2025-06-19T05:02:30-04:00 [INFO] (codacy-cli-v2/cli-v2.go:27) Starting Codacy CLI version=1.0.0-main.337.sha.f97be27 (f97be27) built at 2025-06-12T08:51:04Z
2025-06-19T05:02:31-04:00 [INFO] (codacy-cli-v2/cmd/root.go:34) Executing CLI command full_command=[/home/drj/.cache/codacy/codacy-cli-v2/1.0.0-main.337.sha.f97be27/codacy-cli-v2 analyze /home/drj/_Projects/icee-y/.bmad-core/agents/analyst.md --format sarif] args=[/home/drj/_Projects/icee-y/.bmad-core/agents/analyst.md] command=analyze
2025-06-19T05:02:39-04:00 [INFO] (codacy-cli-v2/cli-v2.go:27) Starting Codacy CLI version=1.0.0-main.337.sha.f97be27 (f97be27) built at 2025-06-12T08:51:04Z
2025-06-19T05:02:39-04:00 [INFO] (codacy-cli-v2/cmd/root.go:34) Executing CLI command command=analyze full_command=[/home/drj/.cache/codacy/codacy-cli-v2/1.0.0-main.337.sha.f97be27/codacy-cli-v2 analyze /home/drj/_Projects/icee-y/.bmad-core/agents/architect.md --format sarif] args=[/home/drj/_Projects/icee-y/.bmad-core/agents/architect.md]
2025-06-19T05:03:47-04:00 [INFO] (codacy-cli-v2/cli-v2.go:27) Starting Codacy CLI version=1.0.0-main.337.sha.f97be27 (f97be27) built at 2025-06-12T08:51:04Z
2025-06-19T05:03:47-04:00 [INFO] (codacy-cli-v2/cmd/root.go:34) Executing CLI command command=analyze full_command=[/home/drj/.cache/codacy/codacy-cli-v2/1.0.0-main.337.sha.f97be27/codacy-cli-v2 analyze /home/drj/_Projects/icee-y/.bmad-core/agents/pm.md --format sarif] args=[/home/drj/_Projects/icee-y/.bmad-core/agents/pm.md]
2025-06-19T05:05:29-04:00 [INFO] (codacy-cli-v2/cli-v2.go:27) Starting Codacy CLI version=1.0.0-main.337.sha.f97be27 (f97be27) built at 2025-06-12T08:51:04Z
2025-06-19T05:05:29-04:00 [INFO] (codacy-cli-v2/cmd/root.go:34) Executing CLI command args=[/home/drj/_Projects/icee-y/.bmad-core/templates/agent-tmpl.md] command=analyze full_command=[/home/drj/.cache/codacy/codacy-cli-v2/1.0.0-main.337.sha.f97be27/codacy-cli-v2 analyze /home/drj/_Projects/icee-y/.bmad-core/templates/agent-tmpl.md --format sarif]
2025-06-19T05:11:20-04:00 [INFO] (codacy-cli-v2/cli-v2.go:27) Starting Codacy CLI version=1.0.0-main.337.sha.f97be27 (f97be27) built at 2025-06-12T08:51:04Z
2025-06-19T05:11:20-04:00 [INFO] (codacy-cli-v2/cmd/root.go:34) Executing CLI command command=analyze full_command=[/home/drj/.cache/codacy/codacy-cli-v2/1.0.0-main.337.sha.f97be27/codacy-cli-v2 analyze /home/drj/_Projects/icee-y/package.json --format sarif] args=[/home/drj/_Projects/icee-y/package.json]
2025-06-19T05:34:15-04:00 [INFO] (codacy-cli-v2/cli-v2.go:27) Starting Codacy CLI version=1.0.0-main.337.sha.f97be27 (f97be27) built at 2025-06-12T08:51:04Z
2025-06-19T05:34:15-04:00 [INFO] (codacy-cli-v2/cmd/root.go:34) Executing CLI command args=[/home/drj/_Projects/icee-y/.cursor/rules/typescript-strict.mdc] command=analyze full_command=[/home/drj/.cache/codacy/codacy-cli-v2/1.0.0-main.337.sha.f97be27/codacy-cli-v2 analyze /home/drj/_Projects/icee-y/.cursor/rules/typescript-strict.mdc --format sarif]
2025-06-19T05:35:14-04:00 [INFO] (codacy-cli-v2/cli-v2.go:27) Starting Codacy CLI version=1.0.0-main.337.sha.f97be27 (f97be27) built at 2025-06-12T08:51:04Z
2025-06-19T05:35:14-04:00 [INFO] (codacy-cli-v2/cmd/root.go:34) Executing CLI command command=analyze full_command=[/home/drj/.cache/codacy/codacy-cli-v2/1.0.0-main.337.sha.f97be27/codacy-cli-v2 analyze /home/drj/_Projects/icee-y/fix_yaml_frontmatter.py --format sarif] args=[/home/drj/_Projects/icee-y/fix_yaml_frontmatter.py]
2025-06-19T05:35:22-04:00 [INFO] (codacy-cli-v2/cli-v2.go:27) Starting Codacy CLI version=1.0.0-main.337.sha.f97be27 (f97be27) built at 2025-06-12T08:51:04Z
2025-06-19T05:35:22-04:00 [INFO] (codacy-cli-v2/cmd/root.go:34) Executing CLI command command=analyze full_command=[/home/drj/.cache/codacy/codacy-cli-v2/1.0.0-main.337.sha.f97be27/codacy-cli-v2 analyze /home/drj/_Projects/icee-y/.cursor/rules/typescript-strict.mdc --format sarif] args=[/home/drj/_Projects/icee-y/.cursor/rules/typescript-strict.mdc]
2025-06-19T05:35:38-04:00 [INFO] (codacy-cli-v2/cli-v2.go:27) Starting Codacy CLI version=1.0.0-main.337.sha.f97be27 (f97be27) built at 2025-06-12T08:51:04Z
2025-06-19T05:35:38-04:00 [INFO] (codacy-cli-v2/cmd/root.go:34) Executing CLI command command=analyze full_command=[/home/drj/.cache/codacy/codacy-cli-v2/1.0.0-main.337.sha.f97be27/codacy-cli-v2 analyze /home/drj/_Projects/icee-y/fix_yaml_frontmatter.py --format sarif] args=[/home/drj/_Projects/icee-y/fix_yaml_frontmatter.py]
2025-06-19T05:39:00-04:00 [INFO] (codacy-cli-v2/cli-v2.go:27) Starting Codacy CLI version=1.0.0-main.337.sha.f97be27 (f97be27) built at 2025-06-12T08:51:04Z
2025-06-19T05:39:00-04:00 [INFO] (codacy-cli-v2/cmd/root.go:34) Executing CLI command command=analyze full_command=[/home/drj/.cache/codacy/codacy-cli-v2/1.0.0-main.337.sha.f97be27/codacy-cli-v2 analyze /home/drj/.config/Cursor/User/settings.json --format sarif] args=[/home/drj/.config/Cursor/User/settings.json]
2025-06-19T05:45:58-04:00 [INFO] (codacy-cli-v2/cli-v2.go:27) Starting Codacy CLI version=1.0.0-main.337.sha.f97be27 (f97be27) built at 2025-06-12T08:51:04Z
2025-06-19T05:45:58-04:00 [INFO] (codacy-cli-v2/cmd/root.go:34) Executing CLI command full_command=[/home/drj/.cache/codacy/codacy-cli-v2/1.0.0-main.337.sha.f97be27/codacy-cli-v2 analyze /home/drj/_Projects/icee-y/.cursor/rules/bmad-auto-suggestions.mdc --format sarif] args=[/home/drj/_Projects/icee-y/.cursor/rules/bmad-auto-suggestions.mdc] command=analyze
2025-06-19T05:50:51-04:00 [INFO] (codacy-cli-v2/cli-v2.go:27) Starting Codacy CLI version=1.0.0-main.337.sha.f97be27 (f97be27) built at 2025-06-12T08:51:04Z
2025-06-19T05:50:52-04:00 [INFO] (codacy-cli-v2/cmd/root.go:34) Executing CLI command args=[/home/drj/.config/Cursor/User/settings.json] command=analyze full_command=[/home/drj/.cache/codacy/codacy-cli-v2/1.0.0-main.337.sha.f97be27/codacy-cli-v2 analyze /home/drj/.config/Cursor/User/settings.json --format sarif]
2025-06-19T05:51:18-04:00 [INFO] (codacy-cli-v2/cli-v2.go:27) Starting Codacy CLI version=1.0.0-main.337.sha.f97be27 (f97be27) built at 2025-06-12T08:51:04Z
2025-06-19T05:51:18-04:00 [INFO] (codacy-cli-v2/cmd/root.go:34) Executing CLI command command=analyze full_command=[/home/drj/.cache/codacy/codacy-cli-v2/1.0.0-main.337.sha.f97be27/codacy-cli-v2 analyze /home/drj/.config/Cursor/User/settings.json --format sarif] args=[/home/drj/.config/Cursor/User/settings.json]
2025-06-19T05:56:26-04:00 [INFO] (codacy-cli-v2/cli-v2.go:27) Starting Codacy CLI version=1.0.0-main.337.sha.f97be27 (f97be27) built at 2025-06-12T08:51:04Z
2025-06-19T05:56:26-04:00 [INFO] (codacy-cli-v2/cmd/root.go:34) Executing CLI command command=analyze full_command=[/home/drj/.cache/codacy/codacy-cli-v2/1.0.0-main.337.sha.f97be27/codacy-cli-v2 analyze /home/drj/.config/Cursor/User/settings.json --format sarif] args=[/home/drj/.config/Cursor/User/settings.json]
2025-06-19T05:57:30-04:00 [INFO] (codacy-cli-v2/cli-v2.go:27) Starting Codacy CLI version=1.0.0-main.337.sha.f97be27 (f97be27) built at 2025-06-12T08:51:04Z
2025-06-19T05:57:30-04:00 [INFO] (codacy-cli-v2/cmd/root.go:34) Executing CLI command command=analyze full_command=[/home/drj/.cache/codacy/codacy-cli-v2/1.0.0-main.337.sha.f97be27/codacy-cli-v2 analyze /home/drj/.config/Cursor/User/settings.json --format sarif] args=[/home/drj/.config/Cursor/User/settings.json]
2025-06-19T05:58:08-04:00 [INFO] (codacy-cli-v2/cli-v2.go:27) Starting Codacy CLI version=1.0.0-main.337.sha.f97be27 (f97be27) built at 2025-06-12T08:51:04Z
2025-06-19T05:58:08-04:00 [INFO] (codacy-cli-v2/cmd/root.go:34) Executing CLI command args=[/home/drj/_Projects/icee-y/yaml-diagnostic-fix.py] command=analyze full_command=[/home/drj/.cache/codacy/codacy-cli-v2/1.0.0-main.337.sha.f97be27/codacy-cli-v2 analyze /home/drj/_Projects/icee-y/yaml-diagnostic-fix.py --format sarif]
2025-06-19T05:58:51-04:00 [INFO] (codacy-cli-v2/cli-v2.go:27) Starting Codacy CLI version=1.0.0-main.337.sha.f97be27 (f97be27) built at 2025-06-12T08:51:04Z
2025-06-19T05:58:51-04:00 [INFO] (codacy-cli-v2/cmd/root.go:34) Executing CLI command command=analyze full_command=[/home/drj/.cache/codacy/codacy-cli-v2/1.0.0-main.337.sha.f97be27/codacy-cli-v2 analyze /home/drj/_Projects/icee-y/yaml-diagnostic-fix.py --format sarif] args=[/home/drj/_Projects/icee-y/yaml-diagnostic-fix.py]
2025-06-19T06:01:04-04:00 [INFO] (codacy-cli-v2/cli-v2.go:27) Starting Codacy CLI version=1.0.0-main.337.sha.f97be27 (f97be27) built at 2025-06-12T08:51:04Z
2025-06-19T06:01:04-04:00 [INFO] (codacy-cli-v2/cmd/root.go:34) Executing CLI command full_command=[/home/drj/.cache/codacy/codacy-cli-v2/1.0.0-main.337.sha.f97be27/codacy-cli-v2 analyze /home/drj/_Projects/icee-y/package.json --format sarif] args=[/home/drj/_Projects/icee-y/package.json] command=analyze
2025-06-19T06:01:21-04:00 [INFO] (codacy-cli-v2/cli-v2.go:27) Starting Codacy CLI version=1.0.0-main.337.sha.f97be27 (f97be27) built at 2025-06-12T08:51:04Z
2025-06-19T06:01:21-04:00 [INFO] (codacy-cli-v2/cmd/root.go:34) Executing CLI command full_command=[/home/drj/.cache/codacy/codacy-cli-v2/1.0.0-main.337.sha.f97be27/codacy-cli-v2 analyze /home/drj/_Projects/icee-y/.cursor/rules/analyst.mdc --format sarif] args=[/home/drj/_Projects/icee-y/.cursor/rules/analyst.mdc] command=analyze
2025-06-19T06:01:43-04:00 [INFO] (codacy-cli-v2/cli-v2.go:27) Starting Codacy CLI version=1.0.0-main.337.sha.f97be27 (f97be27) built at 2025-06-12T08:51:04Z
2025-06-19T06:01:43-04:00 [INFO] (codacy-cli-v2/cmd/root.go:34) Executing CLI command full_command=[/home/drj/.cache/codacy/codacy-cli-v2/1.0.0-main.337.sha.f97be27/codacy-cli-v2 analyze /home/drj/_Projects/icee-y/.cursor/rules/bmad-auto-suggestions.mdc --format sarif] args=[/home/drj/_Projects/icee-y/.cursor/rules/bmad-auto-suggestions.mdc] command=analyze
2025-06-19T06:01:59-04:00 [INFO] (codacy-cli-v2/cli-v2.go:27) Starting Codacy CLI version=1.0.0-main.337.sha.f97be27 (f97be27) built at 2025-06-12T08:51:04Z
2025-06-19T06:01:59-04:00 [INFO] (codacy-cli-v2/cmd/root.go:34) Executing CLI command command=analyze full_command=[/home/drj/.cache/codacy/codacy-cli-v2/1.0.0-main.337.sha.f97be27/codacy-cli-v2 analyze /home/drj/_Projects/icee-y/.cursor/rules/bmad-master.mdc --format sarif] args=[/home/drj/_Projects/icee-y/.cursor/rules/bmad-master.mdc]
2025-06-19T06:02:11-04:00 [INFO] (codacy-cli-v2/cli-v2.go:27) Starting Codacy CLI version=1.0.0-main.337.sha.f97be27 (f97be27) built at 2025-06-12T08:51:04Z
2025-06-19T06:02:11-04:00 [INFO] (codacy-cli-v2/cmd/root.go:34) Executing CLI command command=analyze full_command=[/home/drj/.cache/codacy/codacy-cli-v2/1.0.0-main.337.sha.f97be27/codacy-cli-v2 analyze /home/drj/_Projects/icee-y/.bmad-core/agents/architect.md --format sarif] args=[/home/drj/_Projects/icee-y/.bmad-core/agents/architect.md]
2025-06-19T06:03:53-04:00 [INFO] (codacy-cli-v2/cli-v2.go:27) Starting Codacy CLI version=1.0.0-main.337.sha.f97be27 (f97be27) built at 2025-06-12T08:51:04Z
2025-06-19T06:03:53-04:00 [INFO] (codacy-cli-v2/cmd/root.go:34) Executing CLI command args=[/home/drj/_Projects/icee-y/.bmad-core/agents/architect.md] command=analyze full_command=[/home/drj/.cache/codacy/codacy-cli-v2/1.0.0-main.337.sha.f97be27/codacy-cli-v2 analyze /home/drj/_Projects/icee-y/.bmad-core/agents/architect.md --format sarif]
2025-06-19T06:08:40-04:00 [INFO] (codacy-cli-v2/cli-v2.go:27) Starting Codacy CLI version=1.0.0-main.337.sha.f97be27 (f97be27) built at 2025-06-12T08:51:04Z
2025-06-19T06:08:40-04:00 [INFO] (codacy-cli-v2/cmd/root.go:34) Executing CLI command command=analyze full_command=[/home/drj/.cache/codacy/codacy-cli-v2/1.0.0-main.337.sha.f97be27/codacy-cli-v2 analyze /home/drj/.config/Cursor/User/settings.json --format sarif] args=[/home/drj/.config/Cursor/User/settings.json]
2025-06-19T06:09:04-04:00 [INFO] (codacy-cli-v2/cli-v2.go:27) Starting Codacy CLI version=1.0.0-main.337.sha.f97be27 (f97be27) built at 2025-06-12T08:51:04Z
2025-06-19T06:09:04-04:00 [INFO] (codacy-cli-v2/cmd/root.go:34) Executing CLI command command=analyze full_command=[/home/drj/.cache/codacy/codacy-cli-v2/1.0.0-main.337.sha.f97be27/codacy-cli-v2 analyze /home/drj/_Projects/icee-y/.bmad-core/agents/dev.md --format sarif] args=[/home/drj/_Projects/icee-y/.bmad-core/agents/dev.md]
2025-06-19T06:09:32-04:00 [INFO] (codacy-cli-v2/cli-v2.go:27) Starting Codacy CLI version=1.0.0-main.337.sha.f97be27 (f97be27) built at 2025-06-12T08:51:04Z
2025-06-19T06:09:32-04:00 [INFO] (codacy-cli-v2/cmd/root.go:34) Executing CLI command args=[/home/drj/_Projects/icee-y/.bmad-core/install-manifest.yml] command=analyze full_command=[/home/drj/.cache/codacy/codacy-cli-v2/1.0.0-main.337.sha.f97be27/codacy-cli-v2 analyze /home/drj/_Projects/icee-y/.bmad-core/install-manifest.yml --format sarif]
2025-06-19T06:10:11-04:00 [INFO] (codacy-cli-v2/cli-v2.go:27) Starting Codacy CLI version=1.0.0-main.337.sha.f97be27 (f97be27) built at 2025-06-12T08:51:04Z
2025-06-19T06:10:11-04:00 [INFO] (codacy-cli-v2/cmd/root.go:34) Executing CLI command command=analyze full_command=[/home/drj/.cache/codacy/codacy-cli-v2/1.0.0-main.337.sha.f97be27/codacy-cli-v2 analyze /home/drj/.config/Cursor/User/settings.json --format sarif] args=[/home/drj/.config/Cursor/User/settings.json]
2025-06-19T06:10:28-04:00 [INFO] (codacy-cli-v2/cli-v2.go:27) Starting Codacy CLI version=1.0.0-main.337.sha.f97be27 (f97be27) built at 2025-06-12T08:51:04Z
2025-06-19T06:10:28-04:00 [INFO] (codacy-cli-v2/cmd/root.go:34) Executing CLI command command=analyze full_command=[/home/drj/.cache/codacy/codacy-cli-v2/1.0.0-main.337.sha.f97be27/codacy-cli-v2 analyze /home/drj/.config/Cursor/User/settings.json --format sarif] args=[/home/drj/.config/Cursor/User/settings.json]
2025-06-19T06:10:57-04:00 [INFO] (codacy-cli-v2/cli-v2.go:27) Starting Codacy CLI version=1.0.0-main.337.sha.f97be27 (f97be27) built at 2025-06-12T08:51:04Z
2025-06-19T06:10:57-04:00 [INFO] (codacy-cli-v2/cmd/root.go:34) Executing CLI command command=analyze full_command=[/home/drj/.cache/codacy/codacy-cli-v2/1.0.0-main.337.sha.f97be27/codacy-cli-v2 analyze /home/drj/_Projects/icee-y/.bmad-core/agents/dev.md --format sarif] args=[/home/drj/_Projects/icee-y/.bmad-core/agents/dev.md]
2025-06-19T06:11:03-04:00 [INFO] (codacy-cli-v2/cli-v2.go:27) Starting Codacy CLI version=1.0.0-main.337.sha.f97be27 (f97be27) built at 2025-06-12T08:51:04Z
2025-06-19T06:11:03-04:00 [INFO] (codacy-cli-v2/cmd/root.go:34) Executing CLI command args=[/home/drj/.config/Cursor/User/settings.json] command=analyze full_command=[/home/drj/.cache/codacy/codacy-cli-v2/1.0.0-main.337.sha.f97be27/codacy-cli-v2 analyze /home/drj/.config/Cursor/User/settings.json --format sarif]
2025-06-19T06:11:30-04:00 [INFO] (codacy-cli-v2/cli-v2.go:27) Starting Codacy CLI version=1.0.0-main.337.sha.f97be27 (f97be27) built at 2025-06-12T08:51:04Z
2025-06-19T06:11:30-04:00 [INFO] (codacy-cli-v2/cmd/root.go:34) Executing CLI command command=analyze full_command=[/home/drj/.cache/codacy/codacy-cli-v2/1.0.0-main.337.sha.f97be27/codacy-cli-v2 analyze /home/drj/.config/Cursor/User/settings.json --format sarif] args=[/home/drj/.config/Cursor/User/settings.json]
2025-06-19T06:11:45-04:00 [INFO] (codacy-cli-v2/cli-v2.go:27) Starting Codacy CLI version=1.0.0-main.337.sha.f97be27 (f97be27) built at 2025-06-12T08:51:04Z
2025-06-19T06:11:45-04:00 [INFO] (codacy-cli-v2/cmd/root.go:34) Executing CLI command command=analyze full_command=[/home/drj/.cache/codacy/codacy-cli-v2/1.0.0-main.337.sha.f97be27/codacy-cli-v2 analyze /home/drj/_Projects/icee-y/.bmad-core/agents/dev.md --format sarif] args=[/home/drj/_Projects/icee-y/.bmad-core/agents/dev.md]
2025-06-19T06:11:48-04:00 [INFO] (codacy-cli-v2/cli-v2.go:27) Starting Codacy CLI version=1.0.0-main.337.sha.f97be27 (f97be27) built at 2025-06-12T08:51:04Z
2025-06-19T06:11:48-04:00 [INFO] (codacy-cli-v2/cmd/root.go:34) Executing CLI command full_command=[/home/drj/.cache/codacy/codacy-cli-v2/1.0.0-main.337.sha.f97be27/codacy-cli-v2 analyze /home/drj/_Projects/icee-y/.bmad-core/agents/dev.md --format sarif] args=[/home/drj/_Projects/icee-y/.bmad-core/agents/dev.md] command=analyze
2025-06-19T06:11:53-04:00 [INFO] (codacy-cli-v2/cli-v2.go:27) Starting Codacy CLI version=1.0.0-main.337.sha.f97be27 (f97be27) built at 2025-06-12T08:51:04Z
2025-06-19T06:11:53-04:00 [INFO] (codacy-cli-v2/cmd/root.go:34) Executing CLI command args=[/home/drj/_Projects/icee-y/.bmad-core/agents/dev.md] command=analyze full_command=[/home/drj/.cache/codacy/codacy-cli-v2/1.0.0-main.337.sha.f97be27/codacy-cli-v2 analyze /home/drj/_Projects/icee-y/.bmad-core/agents/dev.md --format sarif]
2025-06-19T06:11:57-04:00 [INFO] (codacy-cli-v2/cli-v2.go:27) Starting Codacy CLI version=1.0.0-main.337.sha.f97be27 (f97be27) built at 2025-06-12T08:51:04Z
2025-06-19T06:11:57-04:00 [INFO] (codacy-cli-v2/cmd/root.go:34) Executing CLI command command=analyze full_command=[/home/drj/.cache/codacy/codacy-cli-v2/1.0.0-main.337.sha.f97be27/codacy-cli-v2 analyze /home/drj/_Projects/icee-y/.bmad-core/agents/1750327917300-dev.md --format sarif] args=[/home/drj/_Projects/icee-y/.bmad-core/agents/1750327917300-dev.md]
2025-06-19T06:12:00-04:00 [INFO] (codacy-cli-v2/cli-v2.go:27) Starting Codacy CLI version=1.0.0-main.337.sha.f97be27 (f97be27) built at 2025-06-12T08:51:04Z
2025-06-19T06:12:00-04:00 [INFO] (codacy-cli-v2/cmd/root.go:34) Executing CLI command args=[/home/drj/_Projects/icee-y/.bmad-core/agents/dev.md] command=analyze full_command=[/home/drj/.cache/codacy/codacy-cli-v2/1.0.0-main.337.sha.f97be27/codacy-cli-v2 analyze /home/drj/_Projects/icee-y/.bmad-core/agents/dev.md --format sarif]
2025-06-19T06:12:07-04:00 [INFO] (codacy-cli-v2/cli-v2.go:27) Starting Codacy CLI version=1.0.0-main.337.sha.f97be27 (f97be27) built at 2025-06-12T08:51:04Z
2025-06-19T06:12:07-04:00 [INFO] (codacy-cli-v2/cmd/root.go:34) Executing CLI command full_command=[/home/drj/.cache/codacy/codacy-cli-v2/1.0.0-main.337.sha.f97be27/codacy-cli-v2 analyze /home/drj/.config/Cursor/User/settings.json --format sarif] args=[/home/drj/.config/Cursor/User/settings.json] command=analyze
2025-06-19T06:13:57-04:00 [INFO] (codacy-cli-v2/cli-v2.go:27) Starting Codacy CLI version=1.0.0-main.337.sha.f97be27 (f97be27) built at 2025-06-12T08:51:04Z
2025-06-19T06:13:57-04:00 [INFO] (codacy-cli-v2/cmd/root.go:34) Executing CLI command command=analyze full_command=[/home/drj/.cache/codacy/codacy-cli-v2/1.0.0-main.337.sha.f97be27/codacy-cli-v2 analyze /home/drj/_Projects/icee-y/.bmad-core/agents/game-developer.md --format sarif] args=[/home/drj/_Projects/icee-y/.bmad-core/agents/game-developer.md]
2025-06-19T06:14:04-04:00 [INFO] (codacy-cli-v2/cli-v2.go:27) Starting Codacy CLI version=1.0.0-main.337.sha.f97be27 (f97be27) built at 2025-06-12T08:51:04Z
2025-06-19T06:14:04-04:00 [INFO] (codacy-cli-v2/cmd/root.go:34) Executing CLI command full_command=[/home/drj/.cache/codacy/codacy-cli-v2/1.0.0-main.337.sha.f97be27/codacy-cli-v2 analyze /home/drj/_Projects/icee-y/.bmad-core/templates/agent-tmpl.md --format sarif] args=[/home/drj/_Projects/icee-y/.bmad-core/templates/agent-tmpl.md] command=analyze
2025-06-19T06:14:11-04:00 [INFO] (codacy-cli-v2/cli-v2.go:27) Starting Codacy CLI version=1.0.0-main.337.sha.f97be27 (f97be27) built at 2025-06-12T08:51:04Z
2025-06-19T06:14:11-04:00 [INFO] (codacy-cli-v2/cmd/root.go:34) Executing CLI command full_command=[/home/drj/.cache/codacy/codacy-cli-v2/1.0.0-main.337.sha.f97be27/codacy-cli-v2 analyze /home/drj/_Projects/icee-y/.bmad-core/agents/game-developer.md --format sarif] args=[/home/drj/_Projects/icee-y/.bmad-core/agents/game-developer.md] command=analyze
2025-06-19T06:14:38-04:00 [INFO] (codacy-cli-v2/cli-v2.go:27) Starting Codacy CLI version=1.0.0-main.337.sha.f97be27 (f97be27) built at 2025-06-12T08:51:04Z
2025-06-19T06:14:38-04:00 [INFO] (codacy-cli-v2/cmd/root.go:34) Executing CLI command command=analyze full_command=[/home/drj/.cache/codacy/codacy-cli-v2/1.0.0-main.337.sha.f97be27/codacy-cli-v2 analyze /home/drj/_Projects/icee-y/.bmad-core/agents/dev.md --format sarif] args=[/home/drj/_Projects/icee-y/.bmad-core/agents/dev.md]
2025-06-19T06:16:44-04:00 [INFO] (codacy-cli-v2/cli-v2.go:27) Starting Codacy CLI version=1.0.0-main.337.sha.f97be27 (f97be27) built at 2025-06-12T08:51:04Z
2025-06-19T06:16:44-04:00 [INFO] (codacy-cli-v2/cmd/root.go:34) Executing CLI command command=analyze full_command=[/home/drj/.cache/codacy/codacy-cli-v2/1.0.0-main.337.sha.f97be27/codacy-cli-v2 analyze /home/drj/.config/Cursor/User/settings.json --format sarif] args=[/home/drj/.config/Cursor/User/settings.json]
2025-06-19T06:17:11-04:00 [INFO] (codacy-cli-v2/cli-v2.go:27) Starting Codacy CLI version=1.0.0-main.337.sha.f97be27 (f97be27) built at 2025-06-12T08:51:04Z
2025-06-19T06:17:11-04:00 [INFO] (codacy-cli-v2/cmd/root.go:34) Executing CLI command args=[/home/drj/_Projects/icee-y/.bmad-core/install-manifest.yml] command=analyze full_command=[/home/drj/.cache/codacy/codacy-cli-v2/1.0.0-main.337.sha.f97be27/codacy-cli-v2 analyze /home/drj/_Projects/icee-y/.bmad-core/install-manifest.yml --format sarif]
2025-06-19T11:32:20-04:00 [INFO] (codacy-cli-v2/cli-v2.go:27) Starting Codacy CLI version=1.0.0-main.337.sha.f97be27 (f97be27) built at 2025-06-12T08:51:04Z
2025-06-19T11:32:20-04:00 [INFO] (codacy-cli-v2/cmd/root.go:34) Executing CLI command command=analyze full_command=[/home/drj/.cache/codacy/codacy-cli-v2/1.0.0-main.337.sha.f97be27/codacy-cli-v2 analyze /home/drj/_Projects/icee-y/.bmad-core/templates/brownfield-architecture-tmpl.md --format sarif] args=[/home/drj/_Projects/icee-y/.bmad-core/templates/brownfield-architecture-tmpl.md]
2025-06-19T11:33:33-04:00 [INFO] (codacy-cli-v2/cli-v2.go:27) Starting Codacy CLI version=1.0.0-main.337.sha.f97be27 (f97be27) built at 2025-06-12T08:51:04Z
2025-06-19T11:33:33-04:00 [INFO] (codacy-cli-v2/cmd/root.go:34) Executing CLI command command=analyze full_command=[/home/drj/.cache/codacy/codacy-cli-v2/1.0.0-main.337.sha.f97be27/codacy-cli-v2 analyze /home/drj/_Projects/icee-y/.bmad-core/utils/agent-switcher.ide.md --format sarif] args=[/home/drj/_Projects/icee-y/.bmad-core/utils/agent-switcher.ide.md]
2025-06-19T11:34:44-04:00 [INFO] (codacy-cli-v2/cli-v2.go:27) Starting Codacy CLI version=1.0.0-main.337.sha.f97be27 (f97be27) built at 2025-06-12T08:51:04Z
2025-06-19T11:34:44-04:00 [INFO] (codacy-cli-v2/cmd/root.go:34) Executing CLI command args=[/home/drj/_Projects/icee-y/.cursor/rules/bmad-master.mdc] command=analyze full_command=[/home/drj/.cache/codacy/codacy-cli-v2/1.0.0-main.337.sha.f97be27/codacy-cli-v2 analyze /home/drj/_Projects/icee-y/.cursor/rules/bmad-master.mdc --format sarif]
2025-06-19T11:34:53-04:00 [INFO] (codacy-cli-v2/cli-v2.go:27) Starting Codacy CLI version=1.0.0-main.337.sha.f97be27 (f97be27) built at 2025-06-12T08:51:04Z
2025-06-19T11:34:53-04:00 [INFO] (codacy-cli-v2/cmd/root.go:34) Executing CLI command args=[/home/drj/_Projects/icee-y/.cursor/rules/game-designer.mdc] command=analyze full_command=[/home/drj/.cache/codacy/codacy-cli-v2/1.0.0-main.337.sha.f97be27/codacy-cli-v2 analyze /home/drj/_Projects/icee-y/.cursor/rules/game-designer.mdc --format sarif]
2025-06-19T11:35:14-04:00 [INFO] (codacy-cli-v2/cli-v2.go:27) Starting Codacy CLI version=1.0.0-main.337.sha.f97be27 (f97be27) built at 2025-06-12T08:51:04Z
2025-06-19T11:35:14-04:00 [INFO] (codacy-cli-v2/cmd/root.go:34) Executing CLI command command=analyze full_command=[/home/drj/.cache/codacy/codacy-cli-v2/1.0.0-main.337.sha.f97be27/codacy-cli-v2 analyze /home/drj/_Projects/icee-y/.bmad-core/tasks/correct-course.md --format sarif] args=[/home/drj/_Projects/icee-y/.bmad-core/tasks/correct-course.md]
2025-06-19T13:41:02-04:00 [INFO] (codacy-cli-v2/cli-v2.go:27) Starting Codacy CLI version=1.0.0-main.337.sha.f97be27 (f97be27) built at 2025-06-12T08:51:04Z
2025-06-19T13:41:02-04:00 [INFO] (codacy-cli-v2/cmd/root.go:34) Executing CLI command command=analyze full_command=[/home/drj/.cache/codacy/codacy-cli-v2/1.0.0-main.337.sha.f97be27/codacy-cli-v2 analyze /home/drj/_Projects/icee-y/web-bundles/teams/team-all.txt --format sarif] args=[/home/drj/_Projects/icee-y/web-bundles/teams/team-all.txt]
2025-06-19T13:43:41-04:00 [INFO] (codacy-cli-v2/cli-v2.go:27) Starting Codacy CLI version=1.0.0-main.337.sha.f97be27 (f97be27) built at 2025-06-12T08:51:04Z
2025-06-19T13:43:41-04:00 [INFO] (codacy-cli-v2/cmd/root.go:34) Executing CLI command args=[/home/drj/_Projects/icee-y/.bmad-core/install-manifest.yml] command=analyze full_command=[/home/drj/.cache/codacy/codacy-cli-v2/1.0.0-main.337.sha.f97be27/codacy-cli-v2 analyze /home/drj/_Projects/icee-y/.bmad-core/install-manifest.yml --format sarif]
2025-06-19T13:44:11-04:00 [INFO] (codacy-cli-v2/cli-v2.go:27) Starting Codacy CLI version=1.0.0-main.337.sha.f97be27 (f97be27) built at 2025-06-12T08:51:04Z
2025-06-19T13:44:11-04:00 [INFO] (codacy-cli-v2/cmd/root.go:34) Executing CLI command args=[/home/drj/_Projects/icee-y/.bmad-core/agents/bmad-master.md] command=analyze full_command=[/home/drj/.cache/codacy/codacy-cli-v2/1.0.0-main.337.sha.f97be27/codacy-cli-v2 analyze /home/drj/_Projects/icee-y/.bmad-core/agents/bmad-master.md --format sarif]
2025-06-19T13:45:00-04:00 [INFO] (codacy-cli-v2/cli-v2.go:27) Starting Codacy CLI version=1.0.0-main.337.sha.f97be27 (f97be27) built at 2025-06-12T08:51:04Z
2025-06-19T13:45:00-04:00 [INFO] (codacy-cli-v2/cmd/root.go:34) Executing CLI command command=analyze full_command=[/home/drj/.cache/codacy/codacy-cli-v2/1.0.0-main.337.sha.f97be27/codacy-cli-v2 analyze /home/drj/_Projects/icee-y/web-bundles/agents/pm.txt --format sarif] args=[/home/drj/_Projects/icee-y/web-bundles/agents/pm.txt]
2025-06-19T13:47:06-04:00 [INFO] (codacy-cli-v2/cli-v2.go:27) Starting Codacy CLI version=1.0.0-main.337.sha.f97be27 (f97be27) built at 2025-06-12T08:51:04Z
2025-06-19T13:47:06-04:00 [INFO] (codacy-cli-v2/cmd/root.go:34) Executing CLI command command=analyze full_command=[/home/drj/.cache/codacy/codacy-cli-v2/1.0.0-main.337.sha.f97be27/codacy-cli-v2 analyze /home/drj/_Projects/icee-y/.bmad-core/data/development-guidelines.md --format sarif] args=[/home/drj/_Projects/icee-y/.bmad-core/data/development-guidelines.md]
2025-06-19T13:47:10-04:00 [INFO] (codacy-cli-v2/cli-v2.go:27) Starting Codacy CLI version=1.0.0-main.337.sha.f97be27 (f97be27) built at 2025-06-12T08:51:04Z
2025-06-19T13:47:10-04:00 [INFO] (codacy-cli-v2/cmd/root.go:34) Executing CLI command full_command=[/home/drj/.cache/codacy/codacy-cli-v2/1.0.0-main.337.sha.f97be27/codacy-cli-v2 analyze /home/drj/_Projects/icee-y/.bmad-core/data/technical-preferences.md --format sarif] args=[/home/drj/_Projects/icee-y/.bmad-core/data/technical-preferences.md] command=analyze
2025-06-19T14:24:59-04:00 [INFO] (codacy-cli-v2/cli-v2.go:27) Starting Codacy CLI version=1.0.0-main.337.sha.f97be27 (f97be27) built at 2025-06-12T08:51:04Z
2025-06-19T14:24:59-04:00 [INFO] (codacy-cli-v2/cmd/root.go:34) Executing CLI command args=[/home/drj/.config/Cursor/User/settings.json] command=analyze full_command=[/home/drj/.cache/codacy/codacy-cli-v2/1.0.0-main.337.sha.f97be27/codacy-cli-v2 analyze /home/drj/.config/Cursor/User/settings.json --format sarif]
2025-06-19T14:25:44-04:00 [INFO] (codacy-cli-v2/cli-v2.go:27) Starting Codacy CLI version=1.0.0-main.337.sha.f97be27 (f97be27) built at 2025-06-12T08:51:04Z
2025-06-19T14:25:44-04:00 [INFO] (codacy-cli-v2/cmd/root.go:34) Executing CLI command command=analyze full_command=[/home/drj/.cache/codacy/codacy-cli-v2/1.0.0-main.337.sha.f97be27/codacy-cli-v2 analyze /home/drj/_Projects/icee-y/.bmad-core/checklists/pm-checklist.md --format sarif] args=[/home/drj/_Projects/icee-y/.bmad-core/checklists/pm-checklist.md]
2025-06-19T14:25:53-04:00 [INFO] (codacy-cli-v2/cli-v2.go:27) Starting Codacy CLI version=1.0.0-main.337.sha.f97be27 (f97be27) built at 2025-06-12T08:51:04Z
2025-06-19T14:25:53-04:00 [INFO] (codacy-cli-v2/cmd/root.go:34) Executing CLI command command=analyze full_command=[/home/drj/.cache/codacy/codacy-cli-v2/1.0.0-main.337.sha.f97be27/codacy-cli-v2 analyze /home/drj/.config/Cursor/User/settings.json --format sarif] args=[/home/drj/.config/Cursor/User/settings.json]
2025-06-19T14:26:41-04:00 [INFO] (codacy-cli-v2/cli-v2.go:27) Starting Codacy CLI version=1.0.0-main.337.sha.f97be27 (f97be27) built at 2025-06-12T08:51:04Z
2025-06-19T14:26:41-04:00 [INFO] (codacy-cli-v2/cmd/root.go:34) Executing CLI command command=analyze full_command=[/home/drj/.cache/codacy/codacy-cli-v2/1.0.0-main.337.sha.f97be27/codacy-cli-v2 analyze /home/drj/.config/Cursor/User/settings.json --format sarif] args=[/home/drj/.config/Cursor/User/settings.json]
2025-06-19T14:31:30-04:00 [INFO] (codacy-cli-v2/cli-v2.go:27) Starting Codacy CLI version=1.0.0-main.337.sha.f97be27 (f97be27) built at 2025-06-12T08:51:04Z
2025-06-19T14:31:30-04:00 [INFO] (codacy-cli-v2/cmd/root.go:34) Executing CLI command command=analyze full_command=[/home/drj/.cache/codacy/codacy-cli-v2/1.0.0-main.337.sha.f97be27/codacy-cli-v2 analyze /home/drj/_Projects/icee-y/.bmad-core/agents/bmad-orchestrator.md --format sarif] args=[/home/drj/_Projects/icee-y/.bmad-core/agents/bmad-orchestrator.md]
2025-06-19T14:31:41-04:00 [INFO] (codacy-cli-v2/cli-v2.go:27) Starting Codacy CLI version=1.0.0-main.337.sha.f97be27 (f97be27) built at 2025-06-12T08:51:04Z
2025-06-19T14:31:41-04:00 [INFO] (codacy-cli-v2/cmd/root.go:34) Executing CLI command args=[/home/drj/_Projects/icee-y/.bmad-core/agents/qa.md] command=analyze full_command=[/home/drj/.cache/codacy/codacy-cli-v2/1.0.0-main.337.sha.f97be27/codacy-cli-v2 analyze /home/drj/_Projects/icee-y/.bmad-core/agents/qa.md --format sarif]
2025-06-19T14:32:17-04:00 [INFO] (codacy-cli-v2/cli-v2.go:27) Starting Codacy CLI version=1.0.0-main.337.sha.f97be27 (f97be27) built at 2025-06-12T08:51:04Z
2025-06-19T14:32:17-04:00 [INFO] (codacy-cli-v2/cmd/root.go:34) Executing CLI command command=analyze full_command=[/home/drj/.cache/codacy/codacy-cli-v2/1.0.0-main.337.sha.f97be27/codacy-cli-v2 analyze /home/drj/_Projects/icee-y/.bmad-core/agents/dev.md --format sarif] args=[/home/drj/_Projects/icee-y/.bmad-core/agents/dev.md]
2025-06-19T14:32:42-04:00 [INFO] (codacy-cli-v2/cli-v2.go:27) Starting Codacy CLI version=1.0.0-main.337.sha.f97be27 (f97be27) built at 2025-06-12T08:51:04Z
2025-06-19T14:32:42-04:00 [INFO] (codacy-cli-v2/cmd/root.go:34) Executing CLI command command=analyze full_command=[/home/drj/.cache/codacy/codacy-cli-v2/1.0.0-main.337.sha.f97be27/codacy-cli-v2 analyze /home/drj/_Projects/icee-y/.bmad-core/agents/architect.md --format sarif] args=[/home/drj/_Projects/icee-y/.bmad-core/agents/architect.md]
2025-06-19T14:32:48-04:00 [INFO] (codacy-cli-v2/cli-v2.go:27) Starting Codacy CLI version=1.0.0-main.337.sha.f97be27 (f97be27) built at 2025-06-12T08:51:04Z
2025-06-19T14:32:48-04:00 [INFO] (codacy-cli-v2/cmd/root.go:34) Executing CLI command args=[/home/drj/_Projects/icee-y/.bmad-core/agents/pm.md] command=analyze full_command=[/home/drj/.cache/codacy/codacy-cli-v2/1.0.0-main.337.sha.f97be27/codacy-cli-v2 analyze /home/drj/_Projects/icee-y/.bmad-core/agents/pm.md --format sarif]
2025-06-19T14:33:09-04:00 [INFO] (codacy-cli-v2/cli-v2.go:27) Starting Codacy CLI version=1.0.0-main.337.sha.f97be27 (f97be27) built at 2025-06-12T08:51:04Z
2025-06-19T14:33:09-04:00 [INFO] (codacy-cli-v2/cmd/root.go:34) Executing CLI command command=analyze full_command=[/home/drj/.cache/codacy/codacy-cli-v2/1.0.0-main.337.sha.f97be27/codacy-cli-v2 analyze /home/drj/_Projects/icee-y/.bmad-core/agents/pm.md --format sarif] args=[/home/drj/_Projects/icee-y/.bmad-core/agents/pm.md]
2025-06-19T14:33:17-04:00 [INFO] (codacy-cli-v2/cli-v2.go:27) Starting Codacy CLI version=1.0.0-main.337.sha.f97be27 (f97be27) built at 2025-06-12T08:51:04Z
2025-06-19T14:33:17-04:00 [INFO] (codacy-cli-v2/cmd/root.go:34) Executing CLI command command=analyze full_command=[/home/drj/.cache/codacy/codacy-cli-v2/1.0.0-main.337.sha.f97be27/codacy-cli-v2 analyze /home/drj/_Projects/icee-y/.bmad-core/agents/qa.md --format sarif] args=[/home/drj/_Projects/icee-y/.bmad-core/agents/qa.md]
2025-06-19T14:33:42-04:00 [INFO] (codacy-cli-v2/cli-v2.go:27) Starting Codacy CLI version=1.0.0-main.337.sha.f97be27 (f97be27) built at 2025-06-12T08:51:04Z
2025-06-19T14:33:42-04:00 [INFO] (codacy-cli-v2/cmd/root.go:34) Executing CLI command full_command=[/home/drj/.cache/codacy/codacy-cli-v2/1.0.0-main.337.sha.f97be27/codacy-cli-v2 analyze /home/drj/_Projects/icee-y/.bmad-core/agents/qa.md --format sarif] args=[/home/drj/_Projects/icee-y/.bmad-core/agents/qa.md] command=analyze
2025-06-19T14:33:49-04:00 [INFO] (codacy-cli-v2/cli-v2.go:27) Starting Codacy CLI version=1.0.0-main.337.sha.f97be27 (f97be27) built at 2025-06-12T08:51:04Z
2025-06-19T14:33:49-04:00 [INFO] (codacy-cli-v2/cmd/root.go:34) Executing CLI command command=analyze full_command=[/home/drj/.cache/codacy/codacy-cli-v2/1.0.0-main.337.sha.f97be27/codacy-cli-v2 analyze /home/drj/_Projects/icee-y/.bmad-core/agents/bmad-master.md --format sarif] args=[/home/drj/_Projects/icee-y/.bmad-core/agents/bmad-master.md]
2025-06-19T14:33:51-04:00 [INFO] (codacy-cli-v2/cli-v2.go:27) Starting Codacy CLI version=1.0.0-main.337.sha.f97be27 (f97be27) built at 2025-06-12T08:51:04Z
2025-06-19T14:33:51-04:00 [INFO] (codacy-cli-v2/cmd/root.go:34) Executing CLI command command=analyze full_command=[/home/drj/.cache/codacy/codacy-cli-v2/1.0.0-main.337.sha.f97be27/codacy-cli-v2 analyze /home/drj/_Projects/icee-y/.bmad-core/agents/analyst.md --format sarif] args=[/home/drj/_Projects/icee-y/.bmad-core/agents/analyst.md]
2025-06-19T14:33:58-04:00 [INFO] (codacy-cli-v2/cli-v2.go:27) Starting Codacy CLI version=1.0.0-main.337.sha.f97be27 (f97be27) built at 2025-06-12T08:51:04Z
2025-06-19T14:33:58-04:00 [INFO] (codacy-cli-v2/cmd/root.go:34) Executing CLI command command=analyze full_command=[/home/drj/.cache/codacy/codacy-cli-v2/1.0.0-main.337.sha.f97be27/codacy-cli-v2 analyze /home/drj/_Projects/icee-y/.bmad-core/agents/bmad-master.md --format sarif] args=[/home/drj/_Projects/icee-y/.bmad-core/agents/bmad-master.md]
2025-06-19T14:34:24-04:00 [INFO] (codacy-cli-v2/cli-v2.go:27) Starting Codacy CLI version=1.0.0-main.337.sha.f97be27 (f97be27) built at 2025-06-12T08:51:04Z
2025-06-19T14:34:24-04:00 [INFO] (codacy-cli-v2/cmd/root.go:34) Executing CLI command command=analyze full_command=[/home/drj/.cache/codacy/codacy-cli-v2/1.0.0-main.337.sha.f97be27/codacy-cli-v2 analyze /home/drj/_Projects/icee-y/.bmad-core/agents/bmad-master.md --format sarif] args=[/home/drj/_Projects/icee-y/.bmad-core/agents/bmad-master.md]
2025-06-19T14:34:28-04:00 [INFO] (codacy-cli-v2/cli-v2.go:27) Starting Codacy CLI version=1.0.0-main.337.sha.f97be27 (f97be27) built at 2025-06-12T08:51:04Z
2025-06-19T14:34:28-04:00 [INFO] (codacy-cli-v2/cmd/root.go:34) Executing CLI command args=[/home/drj/_Projects/icee-y/.bmad-core/agents/analyst.md] command=analyze full_command=[/home/drj/.cache/codacy/codacy-cli-v2/1.0.0-main.337.sha.f97be27/codacy-cli-v2 analyze /home/drj/_Projects/icee-y/.bmad-core/agents/analyst.md --format sarif]
2025-06-19T14:34:50-04:00 [INFO] (codacy-cli-v2/cli-v2.go:27) Starting Codacy CLI version=1.0.0-main.337.sha.f97be27 (f97be27) built at 2025-06-12T08:51:04Z
2025-06-19T14:34:50-04:00 [INFO] (codacy-cli-v2/cmd/root.go:34) Executing CLI command full_command=[/home/drj/.cache/codacy/codacy-cli-v2/1.0.0-main.337.sha.f97be27/codacy-cli-v2 analyze /home/drj/_Projects/icee-y/.bmad-core/agents/analyst.md --format sarif] args=[/home/drj/_Projects/icee-y/.bmad-core/agents/analyst.md] command=analyze
2025-06-19T14:34:53-04:00 [INFO] (codacy-cli-v2/cli-v2.go:27) Starting Codacy CLI version=1.0.0-main.337.sha.f97be27 (f97be27) built at 2025-06-12T08:51:04Z
2025-06-19T14:34:53-04:00 [INFO] (codacy-cli-v2/cmd/root.go:34) Executing CLI command command=analyze full_command=[/home/drj/.cache/codacy/codacy-cli-v2/1.0.0-main.337.sha.f97be27/codacy-cli-v2 analyze /home/drj/_Projects/icee-y/.bmad-core/agents/analyst.md --format sarif] args=[/home/drj/_Projects/icee-y/.bmad-core/agents/analyst.md]
2025-06-19T14:35:03-04:00 [INFO] (codacy-cli-v2/cli-v2.go:27) Starting Codacy CLI version=1.0.0-main.337.sha.f97be27 (f97be27) built at 2025-06-12T08:51:04Z
2025-06-19T14:35:03-04:00 [INFO] (codacy-cli-v2/cmd/root.go:34) Executing CLI command full_command=[/home/drj/.cache/codacy/codacy-cli-v2/1.0.0-main.337.sha.f97be27/codacy-cli-v2 analyze /home/drj/_Projects/icee-y/.bmad-core/agents/po.md --format sarif] args=[/home/drj/_Projects/icee-y/.bmad-core/agents/po.md] command=analyze
2025-06-19T14:35:07-04:00 [INFO] (codacy-cli-v2/cli-v2.go:27) Starting Codacy CLI version=1.0.0-main.337.sha.f97be27 (f97be27) built at 2025-06-12T08:51:04Z
2025-06-19T14:35:07-04:00 [INFO] (codacy-cli-v2/cmd/root.go:34) Executing CLI command args=[/home/drj/_Projects/icee-y/.bmad-core/agents/ux-expert.md] command=analyze full_command=[/home/drj/.cache/codacy/codacy-cli-v2/1.0.0-main.337.sha.f97be27/codacy-cli-v2 analyze /home/drj/_Projects/icee-y/.bmad-core/agents/ux-expert.md --format sarif]
2025-06-19T14:35:11-04:00 [INFO] (codacy-cli-v2/cli-v2.go:27) Starting Codacy CLI version=1.0.0-main.337.sha.f97be27 (f97be27) built at 2025-06-12T08:51:04Z
2025-06-19T14:35:11-04:00 [INFO] (codacy-cli-v2/cmd/root.go:34) Executing CLI command command=analyze full_command=[/home/drj/.cache/codacy/codacy-cli-v2/1.0.0-main.337.sha.f97be27/codacy-cli-v2 analyze /home/drj/_Projects/icee-y/.bmad-core/agents/po.md --format sarif] args=[/home/drj/_Projects/icee-y/.bmad-core/agents/po.md]
2025-06-19T14:35:33-04:00 [INFO] (codacy-cli-v2/cli-v2.go:27) Starting Codacy CLI version=1.0.0-main.337.sha.f97be27 (f97be27) built at 2025-06-12T08:51:04Z
2025-06-19T14:35:33-04:00 [INFO] (codacy-cli-v2/cmd/root.go:34) Executing CLI command command=analyze full_command=[/home/drj/.cache/codacy/codacy-cli-v2/1.0.0-main.337.sha.f97be27/codacy-cli-v2 analyze /home/drj/_Projects/icee-y/.bmad-core/agents/po.md --format sarif] args=[/home/drj/_Projects/icee-y/.bmad-core/agents/po.md]
2025-06-19T14:35:37-04:00 [INFO] (codacy-cli-v2/cli-v2.go:27) Starting Codacy CLI version=1.0.0-main.337.sha.f97be27 (f97be27) built at 2025-06-12T08:51:04Z
2025-06-19T14:35:37-04:00 [INFO] (codacy-cli-v2/cmd/root.go:34) Executing CLI command command=analyze full_command=[/home/drj/.cache/codacy/codacy-cli-v2/1.0.0-main.337.sha.f97be27/codacy-cli-v2 analyze /home/drj/_Projects/icee-y/.bmad-core/agents/sm.md --format sarif] args=[/home/drj/_Projects/icee-y/.bmad-core/agents/sm.md]
2025-06-19T14:36:02-04:00 [INFO] (codacy-cli-v2/cli-v2.go:27) Starting Codacy CLI version=1.0.0-main.337.sha.f97be27 (f97be27) built at 2025-06-12T08:51:04Z
2025-06-19T14:36:02-04:00 [INFO] (codacy-cli-v2/cmd/root.go:34) Executing CLI command full_command=[/home/drj/.cache/codacy/codacy-cli-v2/1.0.0-main.337.sha.f97be27/codacy-cli-v2 analyze /home/drj/_Projects/icee-y/.bmad-core/agents/sm.md --format sarif] args=[/home/drj/_Projects/icee-y/.bmad-core/agents/sm.md] command=analyze
2025-06-19T14:36:07-04:00 [INFO] (codacy-cli-v2/cli-v2.go:27) Starting Codacy CLI version=1.0.0-main.337.sha.f97be27 (f97be27) built at 2025-06-12T08:51:04Z
2025-06-19T14:36:07-04:00 [INFO] (codacy-cli-v2/cmd/root.go:34) Executing CLI command full_command=[/home/drj/.cache/codacy/codacy-cli-v2/1.0.0-main.337.sha.f97be27/codacy-cli-v2 analyze /home/drj/_Projects/icee-y/.bmad-core/agents/ux-expert.md --format sarif] args=[/home/drj/_Projects/icee-y/.bmad-core/agents/ux-expert.md] command=analyze
2025-06-19T14:36:30-04:00 [INFO] (codacy-cli-v2/cli-v2.go:27) Starting Codacy CLI version=1.0.0-main.337.sha.f97be27 (f97be27) built at 2025-06-12T08:51:04Z
2025-06-19T14:36:30-04:00 [INFO] (codacy-cli-v2/cmd/root.go:34) Executing CLI command command=analyze full_command=[/home/drj/.cache/codacy/codacy-cli-v2/1.0.0-main.337.sha.f97be27/codacy-cli-v2 analyze /home/drj/_Projects/icee-y/.bmad-core/agents/ux-expert.md --format sarif] args=[/home/drj/_Projects/icee-y/.bmad-core/agents/ux-expert.md]
2025-06-19T14:36:41-04:00 [INFO] (codacy-cli-v2/cli-v2.go:27) Starting Codacy CLI version=1.0.0-main.337.sha.f97be27 (f97be27) built at 2025-06-12T08:51:04Z
2025-06-19T14:36:41-04:00 [INFO] (codacy-cli-v2/cmd/root.go:34) Executing CLI command full_command=[/home/drj/.cache/codacy/codacy-cli-v2/1.0.0-main.337.sha.f97be27/codacy-cli-v2 analyze /home/drj/_Projects/icee-y/.bmad-core/agents/game-designer.md --format sarif] args=[/home/drj/_Projects/icee-y/.bmad-core/agents/game-designer.md] command=analyze
2025-06-19T14:36:46-04:00 [INFO] (codacy-cli-v2/cli-v2.go:27) Starting Codacy CLI version=1.0.0-main.337.sha.f97be27 (f97be27) built at 2025-06-12T08:51:04Z
2025-06-19T14:36:46-04:00 [INFO] (codacy-cli-v2/cmd/root.go:34) Executing CLI command command=analyze full_command=[/home/drj/.cache/codacy/codacy-cli-v2/1.0.0-main.337.sha.f97be27/codacy-cli-v2 analyze /home/drj/_Projects/icee-y/.bmad-core/agents/bmad-the-creator.md --format sarif] args=[/home/drj/_Projects/icee-y/.bmad-core/agents/bmad-the-creator.md]
2025-06-19T14:36:56-04:00 [INFO] (codacy-cli-v2/cli-v2.go:27) Starting Codacy CLI version=1.0.0-main.337.sha.f97be27 (f97be27) built at 2025-06-12T08:51:04Z
2025-06-19T14:36:56-04:00 [INFO] (codacy-cli-v2/cmd/root.go:34) Executing CLI command args=[/home/drj/_Projects/icee-y/.bmad-core/agents/game-designer.md] command=analyze full_command=[/home/drj/.cache/codacy/codacy-cli-v2/1.0.0-main.337.sha.f97be27/codacy-cli-v2 analyze /home/drj/_Projects/icee-y/.bmad-core/agents/game-designer.md --format sarif]
2025-06-19T14:37:17-04:00 [INFO] (codacy-cli-v2/cli-v2.go:27) Starting Codacy CLI version=1.0.0-main.337.sha.f97be27 (f97be27) built at 2025-06-12T08:51:04Z
2025-06-19T14:37:17-04:00 [INFO] (codacy-cli-v2/cmd/root.go:34) Executing CLI command args=[/home/drj/_Projects/icee-y/.bmad-core/agents/sm.md] command=analyze full_command=[/home/drj/.cache/codacy/codacy-cli-v2/1.0.0-main.337.sha.f97be27/codacy-cli-v2 analyze /home/drj/_Projects/icee-y/.bmad-core/agents/sm.md --format sarif]
2025-06-19T14:37:39-04:00 [INFO] (codacy-cli-v2/cli-v2.go:27) Starting Codacy CLI version=1.0.0-main.337.sha.f97be27 (f97be27) built at 2025-06-12T08:51:04Z
2025-06-19T14:37:39-04:00 [INFO] (codacy-cli-v2/cmd/root.go:34) Executing CLI command full_command=[/home/drj/.cache/codacy/codacy-cli-v2/1.0.0-main.337.sha.f97be27/codacy-cli-v2 analyze /home/drj/_Projects/icee-y/.bmad-core/agents/sm.md --format sarif] args=[/home/drj/_Projects/icee-y/.bmad-core/agents/sm.md] command=analyze
2025-06-19T14:37:50-04:00 [INFO] (codacy-cli-v2/cli-v2.go:27) Starting Codacy CLI version=1.0.0-main.337.sha.f97be27 (f97be27) built at 2025-06-12T08:51:04Z
2025-06-19T14:37:50-04:00 [INFO] (codacy-cli-v2/cmd/root.go:34) Executing CLI command full_command=[/home/drj/.cache/codacy/codacy-cli-v2/1.0.0-main.337.sha.f97be27/codacy-cli-v2 analyze /home/drj/_Projects/icee-y/.bmad-core/agents/bmad-the-creator.md --format sarif] args=[/home/drj/_Projects/icee-y/.bmad-core/agents/bmad-the-creator.md] command=analyze
2025-06-19T14:38:02-04:00 [INFO] (codacy-cli-v2/cli-v2.go:27) Starting Codacy CLI version=1.0.0-main.337.sha.f97be27 (f97be27) built at 2025-06-12T08:51:04Z
2025-06-19T14:38:02-04:00 [INFO] (codacy-cli-v2/cmd/root.go:34) Executing CLI command full_command=[/home/drj/.cache/codacy/codacy-cli-v2/1.0.0-main.337.sha.f97be27/codacy-cli-v2 analyze /home/drj/_Projects/icee-y/.bmad-core/agents/game-sm.md --format sarif] args=[/home/drj/_Projects/icee-y/.bmad-core/agents/game-sm.md] command=analyze
2025-06-19T14:38:10-04:00 [INFO] (codacy-cli-v2/cli-v2.go:27) Starting Codacy CLI version=1.0.0-main.337.sha.f97be27 (f97be27) built at 2025-06-12T08:51:04Z
2025-06-19T14:38:10-04:00 [INFO] (codacy-cli-v2/cmd/root.go:34) Executing CLI command full_command=[/home/drj/.cache/codacy/codacy-cli-v2/1.0.0-main.337.sha.f97be27/codacy-cli-v2 analyze /home/drj/_Projects/icee-y/.bmad-core/agents/game-developer.md --format sarif] args=[/home/drj/_Projects/icee-y/.bmad-core/agents/game-developer.md] command=analyze
2025-06-19T14:38:38-04:00 [INFO] (codacy-cli-v2/cli-v2.go:27) Starting Codacy CLI version=1.0.0-main.337.sha.f97be27 (f97be27) built at 2025-06-12T08:51:04Z
2025-06-19T14:38:38-04:00 [INFO] (codacy-cli-v2/cmd/root.go:34) Executing CLI command args=[/home/drj/_Projects/icee-y/.bmad-core/agents/sm.md] command=analyze full_command=[/home/drj/.cache/codacy/codacy-cli-v2/1.0.0-main.337.sha.f97be27/codacy-cli-v2 analyze /home/drj/_Projects/icee-y/.bmad-core/agents/sm.md --format sarif]
2025-06-19T14:38:53-04:00 [INFO] (codacy-cli-v2/cli-v2.go:27) Starting Codacy CLI version=1.0.0-main.337.sha.f97be27 (f97be27) built at 2025-06-12T08:51:04Z
2025-06-19T14:38:53-04:00 [INFO] (codacy-cli-v2/cmd/root.go:34) Executing CLI command command=analyze full_command=[/home/drj/.cache/codacy/codacy-cli-v2/1.0.0-main.337.sha.f97be27/codacy-cli-v2 analyze /home/drj/_Projects/icee-y/.bmad-core/agents/sm.md --format sarif] args=[/home/drj/_Projects/icee-y/.bmad-core/agents/sm.md]
2025-06-19T14:39:02-04:00 [INFO] (codacy-cli-v2/cli-v2.go:27) Starting Codacy CLI version=1.0.0-main.337.sha.f97be27 (f97be27) built at 2025-06-12T08:51:04Z
2025-06-19T14:39:02-04:00 [INFO] (codacy-cli-v2/cmd/root.go:34) Executing CLI command command=analyze full_command=[/home/drj/.cache/codacy/codacy-cli-v2/1.0.0-main.337.sha.f97be27/codacy-cli-v2 analyze .bmad-core/agents --format sarif] args=[.bmad-core/agents]
2025-06-19T14:39:02-04:00 [DEBUG] (codacy-cli-v2/tools/pmdRunner.go:32) PMD binary path pmdBinary=/home/drj/.cache/codacy/tools/pmd@6.55.0/pmd-bin-6.55.0/bin/run.sh
2025-06-19T14:39:02-04:00 [DEBUG] (codacy-cli-v2/tools/pmdRunner.go:98) Setting up Java environment javaHome=/home/drj/.cache/codacy/runtimes/jdk-17.0.10+7
2025-06-19T14:39:02-04:00 [DEBUG] (codacy-cli-v2/tools/pmdRunner.go:144) Updated environment variables javaBinary=/home/drj/.cache/codacy/runtimes/jdk-17.0.10+7/bin/java javaHome=JAVA_HOME=/home/drj/.cache/codacy/runtimes/jdk-17.0.10+7 path=PATH=/home/drj/.cache/codacy/runtimes/jdk-17.0.10+7/bin:/home/drj/.npm/_npx/8480d3151d186fa6/node_modules/.bin:/home/drj/node_modules/.bin:/home/node_modules/.bin:/node_modules/.bin:/home/drj/.volta/tools/image/npm/11.3.0/node_modules/@npmcli/run-script/lib/node-gyp-bin:/home/drj/.volta/tools/image/npm/11.3.0/bin:/home/drj/.volta/tools/image/node/22.4.1/bin:/tmp/.mount_cursor8MBiTZ/usr/bin:/tmp/.mount_cursor8MBiTZ/usr/sbin:/tmp/.mount_cursor8MBiTZ/usr/games:/tmp/.mount_cursor8MBiTZ/bin:/tmp/.mount_cursor8MBiTZ/sbin:/tmp/.mount_cursorJfmGit/usr/bin:/tmp/.mount_cursorJfmGit/usr/sbin:/tmp/.mount_cursorJfmGit/usr/games:/tmp/.mount_cursorJfmGit/bin:/tmp/.mount_cursorJfmGit/sbin:/home/drj/bin:/home/drj/.local/bin:/home/drj/.volta/bin:/home/drj/google-cloud-sdk/bin:/usr/local/sbin:/usr/local/bin:/usr/sbin:/usr/bin:/sbin:/bin:/usr/games:/usr/local/games:/snap/bin binDir=/home/drj/.cache/codacy/runtimes/jdk-17.0.10+7/bin
2025-06-19T14:39:02-04:00 [DEBUG] (codacy-cli-v2/tools/pmdRunner.go:160) Running PMD command command=/home/drj/.cache/codacy/tools/pmd@6.55.0/pmd-bin-6.55.0/bin/run.sh pmd -R .codacy/tools-configs/ruleset.xml -d .bmad-core/agents -f sarif -r /tmp/codacy-analysis-2433487572/pmd.sarif
2025-06-19T14:42:38-04:00 [INFO] (codacy-cli-v2/cli-v2.go:27) Starting Codacy CLI version=1.0.0-main.337.sha.f97be27 (f97be27) built at 2025-06-12T08:51:04Z
2025-06-19T14:42:38-04:00 [INFO] (codacy-cli-v2/cmd/root.go:34) Executing CLI command full_command=[/home/drj/.cache/codacy/codacy-cli-v2/1.0.0-main.337.sha.f97be27/codacy-cli-v2 analyze /home/drj/_Projects/icee-y/src/libs/Env.test.ts --format sarif] args=[/home/drj/_Projects/icee-y/src/libs/Env.test.ts] command=analyze
